<?xml version="1.0" encoding="UTF-8"?>
<coverage generated="1786123582000" clover="3.2.0">
  <project timestamp="1786123582000" name="All files">
    <metrics statements="241" coveredstatements="207" conditionals="155" coveredconditionals="107" methods="69" coveredmethods="53" elements="465" coveredelements="367" complexity="0" loc="241" ncloc="241" packages="7" files="17" classes="17"/>
    <package name="components.onboarding">
      <metrics statements="24" coveredstatements="23" conditionals="13" coveredconditionals="10" methods="6" coveredmethods="6"/>
      <file name="OnboardingFooter.tsx" path="/home/nicomanescau/StartUp 6I/Frontend/src/components/onboarding/OnboardingFooter.tsx">
        <metrics statements="7" coveredstatements="6" conditionals="4" coveredconditionals="2" methods="1" coveredmethods="1"/>
        <line num="8" count="1" type="stmt"/>
        <line num="15" count="2" type="stmt"/>
        <line num="16" count="2" type="stmt"/>
        <line num="18" count="2" type="cond" truecount="1" falsecount="1"/>
        <line num="19" count="0" type="stmt"/>
        <line num="40" count="2" type="stmt"/>
        <line num="75" count="1" type="stmt"/>
      </file>
      <file name="OnboardingHeader.tsx" path="/home/nicomanescau/StartUp 6I/Frontend/src/components/onboarding/OnboardingHeader.tsx">
        <metrics statements="3" coveredstatements="3" conditionals="2" coveredconditionals="1" methods="1" coveredmethods="1"/>
        <line num="7" count="1" type="stmt"/>
        <line num="8" count="2" type="stmt"/>
        <line num="29" count="1" type="stmt"/>
      </file>
      <file name="OnboardingSlide.tsx" path="/home/nicomanescau/StartUp 6I/Frontend/src/components/onboarding/OnboardingSlide.tsx">
        <metrics statements="9" coveredstatements="9" conditionals="5" coveredconditionals="5" methods="2" coveredmethods="2"/>
        <line num="6" count="1" type="stmt"/>
        <line num="8" count="8" type="stmt"/>
        <line num="9" count="8" type="cond" truecount="5" falsecount="0"/>
        <line num="11" count="2" type="stmt"/>
        <line num="25" count="2" type="stmt"/>
        <line num="44" count="2" type="stmt"/>
        <line num="64" count="2" type="stmt"/>
        <line num="82" count="8" type="stmt"/>
        <line num="101" count="1" type="stmt"/>
      </file>
      <file name="PaginationDots.tsx" path="/home/nicomanescau/StartUp 6I/Frontend/src/components/onboarding/PaginationDots.tsx">
        <metrics statements="5" coveredstatements="5" conditionals="2" coveredconditionals="2" methods="2" coveredmethods="2"/>
        <line num="6" count="1" type="stmt"/>
        <line num="7" count="2" type="stmt"/>
        <line num="10" count="8" type="stmt"/>
        <line num="11" count="8" type="stmt"/>
        <line num="28" count="1" type="stmt"/>
      </file>
    </package>
    <package name="components.register">
      <metrics statements="17" coveredstatements="17" conditionals="26" coveredconditionals="21" methods="6" coveredmethods="6"/>
      <file name="PasswordRequirements.tsx" path="/home/nicomanescau/StartUp 6I/Frontend/src/components/register/PasswordRequirements.tsx">
        <metrics statements="5" coveredstatements="5" conditionals="6" coveredconditionals="6" methods="2" coveredmethods="2"/>
        <line num="10" count="1" type="stmt"/>
        <line num="11" count="16" type="stmt"/>
        <line num="19" count="16" type="stmt"/>
        <line num="23" count="80" type="stmt"/>
        <line num="36" count="1" type="stmt"/>
      </file>
      <file name="RegisterFormInput.tsx" path="/home/nicomanescau/StartUp 6I/Frontend/src/components/register/RegisterFormInput.tsx">
        <metrics statements="4" coveredstatements="4" conditionals="13" coveredconditionals="9" methods="1" coveredmethods="1"/>
        <line num="27" count="1" type="stmt"/>
        <line num="41" count="96" type="stmt"/>
        <line num="43" count="96" type="stmt"/>
        <line num="78" count="1" type="stmt"/>
      </file>
      <file name="RegisterTermsRow.tsx" path="/home/nicomanescau/StartUp 6I/Frontend/src/components/register/RegisterTermsRow.tsx">
        <metrics statements="3" coveredstatements="3" conditionals="7" coveredconditionals="6" methods="1" coveredmethods="1"/>
        <line num="13" count="1" type="stmt"/>
        <line num="20" count="16" type="stmt"/>
        <line num="42" count="1" type="stmt"/>
      </file>
      <file name="TermsModal.tsx" path="/home/nicomanescau/StartUp 6I/Frontend/src/components/register/TermsModal.tsx">
        <metrics statements="5" coveredstatements="5" conditionals="0" coveredconditionals="0" methods="2" coveredmethods="2"/>
        <line num="18" count="1" type="stmt"/>
        <line num="19" count="16" type="stmt"/>
        <line num="59" count="1" type="stmt"/>
        <line num="60" count="1" type="stmt"/>
        <line num="73" count="1" type="stmt"/>
      </file>
    </package>
    <package name="hooks">
      <metrics statements="116" coveredstatements="101" conditionals="55" coveredconditionals="33" methods="27" coveredmethods="22"/>
      <file name="useOnboarding.ts" path="/home/nicomanescau/StartUp 6I/Frontend/src/hooks/useOnboarding.ts">
        <metrics statements="42" coveredstatements="34" conditionals="21" coveredconditionals="7" methods="12" coveredmethods="9"/>
        <line num="6" count="2" type="stmt"/>
        <line num="9" count="13" type="stmt"/>
        <line num="10" count="13" type="stmt"/>
        <line num="13" count="13" type="stmt"/>
        <line num="14" count="6" type="stmt"/>
        <line num="15" count="6" type="stmt"/>
        <line num="16" count="6" type="stmt"/>
        <line num="17" count="6" type="stmt"/>
        <line num="18" count="6" type="cond" truecount="3" falsecount="1"/>
        <line num="19" count="0" type="cond" truecount="0" falsecount="2"/>
        <line num="20" count="0" type="stmt"/>
        <line num="24" count="0" type="stmt"/>
        <line num="26" count="6" type="cond" truecount="1" falsecount="1"/>
        <line num="27" count="6" type="stmt"/>
        <line num="32" count="6" type="stmt"/>
        <line num="33" count="6" type="stmt"/>
        <line num="34" count="6" type="stmt"/>
        <line num="38" count="13" type="stmt"/>
        <line num="39" count="13" type="stmt"/>
        <line num="40" count="13" type="stmt"/>
        <line num="42" count="13" type="stmt"/>
        <line num="43" count="3" type="stmt"/>
        <line num="44" count="3" type="stmt"/>
        <line num="46" count="0" type="stmt"/>
        <line num="50" count="13" type="stmt"/>
        <line num="51" count="1" type="cond" truecount="1" falsecount="1"/>
        <line num="52" count="1" type="stmt"/>
        <line num="56" count="13" type="stmt"/>
        <line num="57" count="0" type="cond" truecount="0" falsecount="2"/>
        <line num="58" count="0" type="stmt"/>
        <line num="62" count="13" type="stmt"/>
        <line num="63" count="2" type="stmt"/>
        <line num="64" count="2" type="cond" truecount="1" falsecount="1"/>
        <line num="65" count="2" type="stmt"/>
        <line num="69" count="13" type="stmt"/>
        <line num="71" count="1" type="stmt"/>
        <line num="72" count="1" type="cond" truecount="1" falsecount="1"/>
        <line num="73" count="1" type="stmt"/>
        <line num="79" count="13" type="stmt"/>
        <line num="80" count="0" type="cond" truecount="0" falsecount="4"/>
        <line num="81" count="0" type="stmt"/>
        <line num="85" count="13" type="stmt"/>
      </file>
      <file name="useRegisterForm.ts" path="/home/nicomanescau/StartUp 6I/Frontend/src/hooks/useRegisterForm.ts">
        <metrics statements="74" coveredstatements="67" conditionals="34" coveredconditionals="26" methods="15" coveredmethods="13"/>
        <line num="11" count="2" type="stmt"/>
        <line num="12" count="2" type="stmt"/>
        <line num="14" count="2" type="stmt"/>
        <line num="18" count="37" type="stmt"/>
        <line num="28" count="37" type="stmt"/>
        <line num="38" count="37" type="stmt"/>
        <line num="39" count="37" type="stmt"/>
        <line num="40" count="37" type="stmt"/>
        <line num="41" count="37" type="stmt"/>
        <line num="42" count="37" type="stmt"/>
        <line num="44" count="37" type="stmt"/>
        <line num="45" count="19" type="stmt"/>
        <line num="46" count="19" type="stmt"/>
        <line num="55" count="37" type="stmt"/>
        <line num="56" count="30" type="stmt"/>
        <line num="58" count="30" type="cond" truecount="2" falsecount="0"/>
        <line num="59" count="21" type="stmt"/>
        <line num="60" count="9" type="cond" truecount="1" falsecount="1"/>
        <line num="61" count="0" type="stmt"/>
        <line num="64" count="30" type="cond" truecount="2" falsecount="0"/>
        <line num="65" count="22" type="stmt"/>
        <line num="66" count="8" type="cond" truecount="1" falsecount="1"/>
        <line num="67" count="0" type="stmt"/>
        <line num="70" count="30" type="cond" truecount="2" falsecount="0"/>
        <line num="71" count="21" type="stmt"/>
        <line num="72" count="9" type="cond" truecount="2" falsecount="0"/>
        <line num="73" count="1" type="stmt"/>
        <line num="76" count="30" type="stmt"/>
        <line num="77" count="30" type="cond" truecount="2" falsecount="0"/>
        <line num="78" count="24" type="stmt"/>
        <line num="79" count="6" type="cond" truecount="1" falsecount="1"/>
        <line num="80" count="0" type="stmt"/>
        <line num="83" count="30" type="stmt"/>
        <line num="84" count="30" type="cond" truecount="2" falsecount="0"/>
        <line num="85" count="21" type="stmt"/>
        <line num="86" count="9" type="cond" truecount="2" falsecount="0"/>
        <line num="87" count="1" type="stmt"/>
        <line num="90" count="30" type="cond" truecount="2" falsecount="0"/>
        <line num="91" count="24" type="stmt"/>
        <line num="92" count="6" type="cond" truecount="2" falsecount="0"/>
        <line num="93" count="1" type="stmt"/>
        <line num="96" count="30" type="cond" truecount="2" falsecount="0"/>
        <line num="97" count="25" type="stmt"/>
        <line num="100" count="30" type="stmt"/>
        <line num="103" count="37" type="stmt"/>
        <line num="104" count="30" type="stmt"/>
        <line num="107" count="37" type="stmt"/>
        <line num="108" count="30" type="stmt"/>
        <line num="109" count="30" type="stmt"/>
        <line num="112" count="37" type="stmt"/>
        <line num="113" count="0" type="stmt"/>
        <line num="116" count="37" type="stmt"/>
        <line num="117" count="1" type="stmt"/>
        <line num="120" count="37" type="stmt"/>
        <line num="121" count="1" type="stmt"/>
        <line num="124" count="37" type="stmt"/>
        <line num="125" count="2" type="stmt"/>
        <line num="126" count="2" type="stmt"/>
        <line num="129" count="37" type="stmt"/>
        <line num="131" count="3" type="stmt"/>
        <line num="141" count="3" type="cond" truecount="1" falsecount="1"/>
        <line num="142" count="0" type="stmt"/>
        <line num="145" count="3" type="stmt"/>
        <line num="146" count="3" type="stmt"/>
        <line num="148" count="3" type="stmt"/>
        <line num="149" count="3" type="stmt"/>
        <line num="157" count="2" type="stmt"/>
        <line num="159" count="1" type="cond" truecount="1" falsecount="1"/>
        <line num="160" count="1" type="cond" truecount="1" falsecount="1"/>
        <line num="161" count="1" type="stmt"/>
        <line num="163" count="0" type="cond" truecount="0" falsecount="2"/>
        <line num="166" count="0" type="stmt"/>
        <line num="169" count="3" type="stmt"/>
        <line num="173" count="37" type="stmt"/>
      </file>
    </package>
    <package name="i18n">
      <metrics statements="3" coveredstatements="3" conditionals="0" coveredconditionals="0" methods="0" coveredmethods="0"/>
      <file name="onboardingContent.ts" path="/home/nicomanescau/StartUp 6I/Frontend/src/i18n/onboardingContent.ts">
        <metrics statements="3" coveredstatements="3" conditionals="0" coveredconditionals="0" methods="0" coveredmethods="0"/>
        <line num="4" count="2" type="stmt"/>
        <line num="6" count="2" type="stmt"/>
        <line num="53" count="2" type="stmt"/>
      </file>
    </package>
    <package name="screens">
      <metrics statements="41" coveredstatements="31" conditionals="29" coveredconditionals="27" methods="24" coveredmethods="16"/>
      <file name="AuthWelcomeScreen.tsx" path="/home/nicomanescau/StartUp 6I/Frontend/src/screens/AuthWelcomeScreen.tsx">
        <metrics statements="3" coveredstatements="3" conditionals="0" coveredconditionals="0" methods="1" coveredmethods="1"/>
        <line num="8" count="1" type="stmt"/>
        <line num="13" count="2" type="stmt"/>
        <line num="61" count="1" type="stmt"/>
      </file>
      <file name="OnboardingScreen.tsx" path="/home/nicomanescau/StartUp 6I/Frontend/src/screens/OnboardingScreen.tsx">
        <metrics statements="19" coveredstatements="15" conditionals="6" coveredconditionals="6" methods="7" coveredmethods="5"/>
        <line num="21" count="1" type="stmt"/>
        <line num="22" count="4" type="stmt"/>
        <line num="23" count="4" type="stmt"/>
        <line num="35" count="4" type="stmt"/>
        <line num="38" count="4" type="stmt"/>
        <line num="39" count="4" type="cond" truecount="4" falsecount="0"/>
        <line num="40" count="2" type="stmt"/>
        <line num="47" count="4" type="stmt"/>
        <line num="48" count="0" type="stmt"/>
        <line num="49" count="0" type="stmt"/>
        <line num="50" count="0" type="stmt"/>
        <line num="53" count="4" type="cond" truecount="2" falsecount="0"/>
        <line num="54" count="2" type="stmt"/>
        <line num="61" count="2" type="stmt"/>
        <line num="72" count="14" type="stmt"/>
        <line num="77" count="4" type="stmt"/>
        <line num="83" count="8" type="stmt"/>
        <line num="93" count="0" type="stmt"/>
        <line num="99" count="1" type="stmt"/>
      </file>
      <file name="RegisterScreen.tsx" path="/home/nicomanescau/StartUp 6I/Frontend/src/screens/RegisterScreen.tsx">
        <metrics statements="19" coveredstatements="13" conditionals="23" coveredconditionals="21" methods="16" coveredmethods="10"/>
        <line num="22" count="1" type="stmt"/>
        <line num="45" count="16" type="stmt"/>
        <line num="47" count="16" type="stmt"/>
        <line num="80" count="1" type="stmt"/>
        <line num="81" count="0" type="stmt"/>
        <line num="91" count="1" type="stmt"/>
        <line num="92" count="0" type="stmt"/>
        <line num="102" count="1" type="stmt"/>
        <line num="103" count="0" type="stmt"/>
        <line num="114" count="1" type="stmt"/>
        <line num="115" count="0" type="stmt"/>
        <line num="125" count="1" type="stmt"/>
        <line num="126" count="0" type="stmt"/>
        <line num="139" count="1" type="stmt"/>
        <line num="140" count="0" type="stmt"/>
        <line num="150" count="1" type="stmt"/>
        <line num="151" count="1" type="stmt"/>
        <line num="180" count="1" type="stmt"/>
        <line num="187" count="1" type="stmt"/>
      </file>
    </package>
    <package name="services">
      <metrics statements="35" coveredstatements="27" conditionals="32" coveredconditionals="16" methods="6" coveredmethods="3"/>
      <file name="api.ts" path="/home/nicomanescau/StartUp 6I/Frontend/src/services/api.ts">
        <metrics statements="33" coveredstatements="25" conditionals="32" coveredconditionals="16" methods="5" coveredmethods="2"/>
        <line num="16" count="2" type="stmt"/>
        <line num="17" count="2" type="stmt"/>
        <line num="18" count="2" type="stmt"/>
        <line num="19" count="2" type="stmt"/>
        <line num="23" count="4" type="stmt"/>
        <line num="30" count="4" type="stmt"/>
        <line num="38" count="2" type="cond" truecount="1" falsecount="1"/>
        <line num="40" count="2" type="stmt"/>
        <line num="41" count="2" type="stmt"/>
        <line num="43" count="2" type="stmt"/>
        <line num="49" count="2" type="stmt"/>
        <line num="50" count="2" type="stmt"/>
        <line num="56" count="2" type="stmt"/>
        <line num="58" count="2" type="stmt"/>
        <line num="59" count="2" type="cond" truecount="2" falsecount="0"/>
        <line num="60" count="2" type="cond" truecount="1" falsecount="1"/>
        <line num="62" count="2" type="cond" truecount="2" falsecount="0"/>
        <line num="63" count="1" type="cond" truecount="1" falsecount="2"/>
        <line num="64" count="1" type="cond" truecount="1" falsecount="1"/>
        <line num="67" count="1" type="cond" truecount="2" falsecount="2"/>
        <line num="68" count="0" type="stmt"/>
        <line num="69" count="0" type="stmt"/>
        <line num="72" count="1" type="stmt"/>
        <line num="75" count="1" type="stmt"/>
        <line num="77" count="1" type="stmt"/>
        <line num="79" count="1" type="cond" truecount="1" falsecount="1"/>
        <line num="80" count="1" type="stmt"/>
        <line num="84" count="0" type="cond" truecount="0" falsecount="4"/>
        <line num="85" count="0" type="stmt"/>
        <line num="86" count="0" type="stmt"/>
        <line num="89" count="0" type="cond" truecount="0" falsecount="2"/>
        <line num="90" count="0" type="stmt"/>
        <line num="93" count="0" type="stmt"/>
      </file>
      <file name="authService.ts" path="/home/nicomanescau/StartUp 6I/Frontend/src/services/authService.ts">
        <metrics statements="2" coveredstatements="2" conditionals="0" coveredconditionals="0" methods="1" coveredmethods="1"/>
        <line num="4" count="1" type="stmt"/>
        <line num="10" count="1" type="stmt"/>
      </file>
    </package>
    <package name="theme">
      <metrics statements="5" coveredstatements="5" conditionals="0" coveredconditionals="0" methods="0" coveredmethods="0"/>
      <file name="tokens.ts" path="/home/nicomanescau/StartUp 6I/Frontend/src/theme/tokens.ts">
        <metrics statements="5" coveredstatements="5" conditionals="0" coveredconditionals="0" methods="0" coveredmethods="0"/>
        <line num="6" count="4" type="stmt"/>
        <line num="37" count="4" type="stmt"/>
        <line num="46" count="4" type="stmt"/>
        <line num="53" count="4" type="stmt"/>
        <line num="75" count="4" type="stmt"/>
      </file>
    </package>
  </project>
</coverage>
