{"/home/nicomanescau/StartUp 6I/Frontend/src/components/onboarding/OnboardingFooter.tsx": {"path":"/home/nicomanescau/StartUp 6I/Frontend/src/components/onboarding/OnboardingFooter.tsx","statementMap":{"0":{"start":{"line":8,"column":65},"end":{"line":73,"column":1}},"1":{"start":{"line":15,"column":22},"end":{"line":15,"column":54}},"2":{"start":{"line":16,"column":23},"end":{"line":16,"column":41}},"3":{"start":{"line":18,"column":2},"end":{"line":38,"column":3}},"4":{"start":{"line":19,"column":4},"end":{"line":37,"column":6}},"5":{"start":{"line":40,"column":2},"end":{"line":72,"column":4}},"6":{"start":{"line":75,"column":15},"end":{"line":135,"column":2}}},"fnMap":{"0":{"name":"(anonymous_0)","decl":{"start":{"line":8,"column":65},"end":{"line":8,"column":66}},"loc":{"start":{"line":14,"column":6},"end":{"line":73,"column":1}},"line":14}},"branchMap":{"0":{"loc":{"start":{"line":18,"column":2},"end":{"line":38,"column":3}},"type":"if","locations":[{"start":{"line":18,"column":2},"end":{"line":38,"column":3}},{"start":{},"end":{}}],"line":18},"1":{"loc":{"start":{"line":45,"column":9},"end":{"line":58,"column":9}},"type":"cond-expr","locations":[{"start":{"line":46,"column":10},"end":{"line":55,"column":29}},{"start":{"line":57,"column":10},"end":{"line":57,"column":54}}],"line":45}},"s":{"0":1,"1":2,"2":2,"3":2,"4":0,"5":2,"6":1},"f":{"0":2},"b":{"0":[0,2],"1":[0,2]},"_coverageSchema":"1a1c01bbd47fc00a2c39e90264f33305004495a9","hash":"b63b6faab673d7dd08ae3cf7da8873411b4c6615"}
,"/home/nicomanescau/StartUp 6I/Frontend/src/components/onboarding/OnboardingHeader.tsx": {"path":"/home/nicomanescau/StartUp 6I/Frontend/src/components/onboarding/OnboardingHeader.tsx","statementMap":{"0":{"start":{"line":7,"column":65},"end":{"line":27,"column":1}},"1":{"start":{"line":8,"column":2},"end":{"line":26,"column":4}},"2":{"start":{"line":29,"column":15},"end":{"line":51,"column":2}}},"fnMap":{"0":{"name":"(anonymous_0)","decl":{"start":{"line":7,"column":65},"end":{"line":7,"column":66}},"loc":{"start":{"line":7,"column":91},"end":{"line":27,"column":1}},"line":7}},"branchMap":{"0":{"loc":{"start":{"line":10,"column":7},"end":{"line":24,"column":7}},"type":"cond-expr","locations":[{"start":{"line":11,"column":8},"end":{"line":21,"column":27}},{"start":{"line":23,"column":8},"end":{"line":23,"column":43}}],"line":10}},"s":{"0":1,"1":2,"2":1},"f":{"0":2},"b":{"0":[2,0]},"_coverageSchema":"1a1c01bbd47fc00a2c39e90264f33305004495a9","hash":"08283eb9fb3fbebeded3ce13d2107541f28a25cb"}
,"/home/nicomanescau/StartUp 6I/Frontend/src/components/onboarding/OnboardingSlide.tsx": {"path":"/home/nicomanescau/StartUp 6I/Frontend/src/components/onboarding/OnboardingSlide.tsx","statementMap":{"0":{"start":{"line":6,"column":63},"end":{"line":99,"column":1}},"1":{"start":{"line":8,"column":24},"end":{"line":80,"column":3}},"2":{"start":{"line":9,"column":4},"end":{"line":79,"column":5}},"3":{"start":{"line":11,"column":8},"end":{"line":23,"column":10}},"4":{"start":{"line":25,"column":8},"end":{"line":42,"column":10}},"5":{"start":{"line":44,"column":8},"end":{"line":61,"column":10}},"6":{"start":{"line":64,"column":8},"end":{"line":78,"column":10}},"7":{"start":{"line":82,"column":2},"end":{"line":98,"column":4}},"8":{"start":{"line":101,"column":15},"end":{"line":282,"column":2}}},"fnMap":{"0":{"name":"(anonymous_0)","decl":{"start":{"line":6,"column":63},"end":{"line":6,"column":64}},"loc":{"start":{"line":6,"column":92},"end":{"line":99,"column":1}},"line":6},"1":{"name":"(anonymous_1)","decl":{"start":{"line":8,"column":24},"end":{"line":8,"column":25}},"loc":{"start":{"line":8,"column":30},"end":{"line":80,"column":3}},"line":8}},"branchMap":{"0":{"loc":{"start":{"line":9,"column":4},"end":{"line":79,"column":5}},"type":"switch","locations":[{"start":{"line":10,"column":6},"end":{"line":23,"column":10}},{"start":{"line":24,"column":6},"end":{"line":42,"column":10}},{"start":{"line":43,"column":6},"end":{"line":61,"column":10}},{"start":{"line":62,"column":6},"end":{"line":62,"column":21}},{"start":{"line":63,"column":6},"end":{"line":78,"column":10}}],"line":9}},"s":{"0":1,"1":8,"2":8,"3":2,"4":2,"5":2,"6":2,"7":8,"8":1},"f":{"0":8,"1":8},"b":{"0":[2,2,2,2,2]},"_coverageSchema":"1a1c01bbd47fc00a2c39e90264f33305004495a9","hash":"7714b6d1e768801716f3c48e51968498985309c3"}
,"/home/nicomanescau/StartUp 6I/Frontend/src/components/onboarding/PaginationDots.tsx": {"path":"/home/nicomanescau/StartUp 6I/Frontend/src/components/onboarding/PaginationDots.tsx","statementMap":{"0":{"start":{"line":6,"column":61},"end":{"line":26,"column":1}},"1":{"start":{"line":7,"column":2},"end":{"line":25,"column":4}},"2":{"start":{"line":10,"column":25},"end":{"line":10,"column":47}},"3":{"start":{"line":11,"column":8},"end":{"line":22,"column":10}},"4":{"start":{"line":28,"column":15},"end":{"line":48,"column":2}}},"fnMap":{"0":{"name":"(anonymous_0)","decl":{"start":{"line":6,"column":61},"end":{"line":6,"column":62}},"loc":{"start":{"line":6,"column":90},"end":{"line":26,"column":1}},"line":6},"1":{"name":"(anonymous_1)","decl":{"start":{"line":9,"column":41},"end":{"line":9,"column":42}},"loc":{"start":{"line":9,"column":55},"end":{"line":23,"column":7}},"line":9}},"branchMap":{"0":{"loc":{"start":{"line":19,"column":14},"end":{"line":19,"column":62}},"type":"cond-expr","locations":[{"start":{"line":19,"column":25},"end":{"line":19,"column":41}},{"start":{"line":19,"column":44},"end":{"line":19,"column":62}}],"line":19}},"s":{"0":1,"1":2,"2":8,"3":8,"4":1},"f":{"0":2,"1":8},"b":{"0":[2,6]},"_coverageSchema":"1a1c01bbd47fc00a2c39e90264f33305004495a9","hash":"9c8463f546ab54dbe248de39513865fe1828fa10"}
,"/home/nicomanescau/StartUp 6I/Frontend/src/components/register/PasswordRequirements.tsx": {"path":"/home/nicomanescau/StartUp 6I/Frontend/src/components/register/PasswordRequirements.tsx","statementMap":{"0":{"start":{"line":10,"column":73},"end":{"line":34,"column":1}},"1":{"start":{"line":11,"column":23},"end":{"line":17,"column":3}},"2":{"start":{"line":19,"column":2},"end":{"line":33,"column":4}},"3":{"start":{"line":23,"column":8},"end":{"line":30,"column":15}},"4":{"start":{"line":36,"column":15},"end":{"line":77,"column":2}}},"fnMap":{"0":{"name":"(anonymous_0)","decl":{"start":{"line":10,"column":73},"end":{"line":10,"column":74}},"loc":{"start":{"line":10,"column":89},"end":{"line":34,"column":1}},"line":10},"1":{"name":"(anonymous_1)","decl":{"start":{"line":22,"column":24},"end":{"line":22,"column":25}},"loc":{"start":{"line":23,"column":8},"end":{"line":30,"column":15}},"line":23}},"branchMap":{"0":{"loc":{"start":{"line":24,"column":39},"end":{"line":24,"column":89}},"type":"cond-expr","locations":[{"start":{"line":24,"column":52},"end":{"line":24,"column":68}},{"start":{"line":24,"column":71},"end":{"line":24,"column":89}}],"line":24},"1":{"loc":{"start":{"line":25,"column":13},"end":{"line":25,"column":35}},"type":"cond-expr","locations":[{"start":{"line":25,"column":26},"end":{"line":25,"column":29}},{"start":{"line":25,"column":32},"end":{"line":25,"column":35}}],"line":25},"2":{"loc":{"start":{"line":27,"column":41},"end":{"line":27,"column":87}},"type":"cond-expr","locations":[{"start":{"line":27,"column":54},"end":{"line":27,"column":68}},{"start":{"line":27,"column":71},"end":{"line":27,"column":87}}],"line":27}},"s":{"0":1,"1":16,"2":16,"3":80,"4":1},"f":{"0":16,"1":80},"b":{"0":[25,55],"1":[25,55],"2":[25,55]},"_coverageSchema":"1a1c01bbd47fc00a2c39e90264f33305004495a9","hash":"01700e81eccda005da94a9fad3f66b937a6c8370"}
,"/home/nicomanescau/StartUp 6I/Frontend/src/components/register/RegisterFormInput.tsx": {"path":"/home/nicomanescau/StartUp 6I/Frontend/src/components/register/RegisterFormInput.tsx","statementMap":{"0":{"start":{"line":27,"column":67},"end":{"line":76,"column":1}},"1":{"start":{"line":41,"column":19},"end":{"line":41,"column":33}},"2":{"start":{"line":43,"column":2},"end":{"line":75,"column":4}},"3":{"start":{"line":78,"column":15},"end":{"line":117,"column":2}}},"fnMap":{"0":{"name":"(anonymous_0)","decl":{"start":{"line":27,"column":67},"end":{"line":27,"column":68}},"loc":{"start":{"line":40,"column":6},"end":{"line":76,"column":1}},"line":40}},"branchMap":{"0":{"loc":{"start":{"line":36,"column":2},"end":{"line":36,"column":26}},"type":"default-arg","locations":[{"start":{"line":36,"column":17},"end":{"line":36,"column":26}}],"line":36},"1":{"loc":{"start":{"line":37,"column":2},"end":{"line":37,"column":25}},"type":"default-arg","locations":[{"start":{"line":37,"column":19},"end":{"line":37,"column":25}}],"line":37},"2":{"loc":{"start":{"line":39,"column":2},"end":{"line":39,"column":17}},"type":"default-arg","locations":[{"start":{"line":39,"column":13},"end":{"line":39,"column":17}}],"line":39},"3":{"loc":{"start":{"line":46,"column":41},"end":{"line":46,"column":77}},"type":"binary-expr","locations":[{"start":{"line":46,"column":41},"end":{"line":46,"column":49}},{"start":{"line":46,"column":53},"end":{"line":46,"column":77}}],"line":46},"4":{"loc":{"start":{"line":61,"column":9},"end":{"line":71,"column":9}},"type":"binary-expr","locations":[{"start":{"line":61,"column":9},"end":{"line":61,"column":32}},{"start":{"line":62,"column":10},"end":{"line":70,"column":29}}],"line":61},"5":{"loc":{"start":{"line":65,"column":32},"end":{"line":65,"column":93}},"type":"cond-expr","locations":[{"start":{"line":65,"column":50},"end":{"line":65,"column":70}},{"start":{"line":65,"column":73},"end":{"line":65,"column":93}}],"line":65},"6":{"loc":{"start":{"line":69,"column":45},"end":{"line":69,"column":75}},"type":"cond-expr","locations":[{"start":{"line":69,"column":63},"end":{"line":69,"column":68}},{"start":{"line":69,"column":71},"end":{"line":69,"column":75}}],"line":69},"7":{"loc":{"start":{"line":73,"column":7},"end":{"line":73,"column":64}},"type":"binary-expr","locations":[{"start":{"line":73,"column":7},"end":{"line":73,"column":15}},{"start":{"line":73,"column":19},"end":{"line":73,"column":64}}],"line":73}},"s":{"0":1,"1":96,"2":96,"3":1},"f":{"0":96},"b":{"0":[64],"1":[48],"2":[96],"3":[96,0],"4":[96,32],"5":[32,0],"6":[32,0],"7":[96,0]},"_coverageSchema":"1a1c01bbd47fc00a2c39e90264f33305004495a9","hash":"026e3c5c6262f4606185d6290250d179d126af85"}
,"/home/nicomanescau/StartUp 6I/Frontend/src/components/register/RegisterTermsRow.tsx": {"path":"/home/nicomanescau/StartUp 6I/Frontend/src/components/register/RegisterTermsRow.tsx","statementMap":{"0":{"start":{"line":13,"column":65},"end":{"line":40,"column":1}},"1":{"start":{"line":20,"column":2},"end":{"line":39,"column":4}},"2":{"start":{"line":42,"column":15},"end":{"line":84,"column":2}}},"fnMap":{"0":{"name":"(anonymous_0)","decl":{"start":{"line":13,"column":65},"end":{"line":13,"column":66}},"loc":{"start":{"line":19,"column":6},"end":{"line":40,"column":1}},"line":19}},"branchMap":{"0":{"loc":{"start":{"line":24,"column":35},"end":{"line":24,"column":73}},"type":"binary-expr","locations":[{"start":{"line":24,"column":35},"end":{"line":24,"column":48}},{"start":{"line":24,"column":52},"end":{"line":24,"column":73}}],"line":24},"1":{"loc":{"start":{"line":30,"column":11},"end":{"line":30,"column":67}},"type":"binary-expr","locations":[{"start":{"line":30,"column":11},"end":{"line":30,"column":24}},{"start":{"line":30,"column":28},"end":{"line":30,"column":67}}],"line":30},"2":{"loc":{"start":{"line":37,"column":7},"end":{"line":37,"column":72}},"type":"binary-expr","locations":[{"start":{"line":37,"column":7},"end":{"line":37,"column":14}},{"start":{"line":37,"column":18},"end":{"line":37,"column":23}},{"start":{"line":37,"column":27},"end":{"line":37,"column":72}}],"line":37}},"s":{"0":1,"1":16,"2":1},"f":{"0":16},"b":{"0":[16,4],"1":[16,4],"2":[16,3,0]},"_coverageSchema":"1a1c01bbd47fc00a2c39e90264f33305004495a9","hash":"9bdb9952c547c2467b453e02c0662672b7caa3a3"}
,"/home/nicomanescau/StartUp 6I/Frontend/src/components/register/TermsModal.tsx": {"path":"/home/nicomanescau/StartUp 6I/Frontend/src/components/register/TermsModal.tsx","statementMap":{"0":{"start":{"line":18,"column":53},"end":{"line":71,"column":1}},"1":{"start":{"line":19,"column":2},"end":{"line":70,"column":4}},"2":{"start":{"line":59,"column":16},"end":{"line":59,"column":27}},"3":{"start":{"line":60,"column":16},"end":{"line":60,"column":26}},"4":{"start":{"line":73,"column":15},"end":{"line":135,"column":2}}},"fnMap":{"0":{"name":"(anonymous_0)","decl":{"start":{"line":18,"column":53},"end":{"line":18,"column":54}},"loc":{"start":{"line":18,"column":89},"end":{"line":71,"column":1}},"line":18},"1":{"name":"(anonymous_1)","decl":{"start":{"line":58,"column":23},"end":{"line":58,"column":24}},"loc":{"start":{"line":58,"column":29},"end":{"line":61,"column":15}},"line":58}},"branchMap":{},"s":{"0":1,"1":16,"2":1,"3":1,"4":1},"f":{"0":16,"1":1},"b":{},"_coverageSchema":"1a1c01bbd47fc00a2c39e90264f33305004495a9","hash":"85e9ce01dc8f4e0119c5445ac5f000ccf6ac9b9a"}
,"/home/nicomanescau/StartUp 6I/Frontend/src/hooks/useOnboarding.ts": {"path":"/home/nicomanescau/StartUp 6I/Frontend/src/hooks/useOnboarding.ts","statementMap":{"0":{"start":{"line":6,"column":29},"end":{"line":97,"column":1}},"1":{"start":{"line":9,"column":42},"end":{"line":9,"column":61}},"2":{"start":{"line":10,"column":36},"end":{"line":10,"column":59}},"3":{"start":{"line":13,"column":2},"end":{"line":36,"column":17}},"4":{"start":{"line":14,"column":20},"end":{"line":14,"column":24}},"5":{"start":{"line":15,"column":34},"end":{"line":30,"column":5}},"6":{"start":{"line":16,"column":6},"end":{"line":29,"column":7}},"7":{"start":{"line":17,"column":26},"end":{"line":17,"column":82}},"8":{"start":{"line":18,"column":8},"end":{"line":22,"column":9}},"9":{"start":{"line":19,"column":10},"end":{"line":21,"column":11}},"10":{"start":{"line":20,"column":12},"end":{"line":20,"column":36}},"11":{"start":{"line":24,"column":8},"end":{"line":24,"column":83}},"12":{"start":{"line":26,"column":8},"end":{"line":28,"column":9}},"13":{"start":{"line":27,"column":10},"end":{"line":27,"column":30}},"14":{"start":{"line":32,"column":4},"end":{"line":32,"column":28}},"15":{"start":{"line":33,"column":4},"end":{"line":35,"column":6}},"16":{"start":{"line":34,"column":6},"end":{"line":34,"column":24}},"17":{"start":{"line":38,"column":22},"end":{"line":38,"column":47}},"18":{"start":{"line":39,"column":22},"end":{"line":39,"column":54}},"19":{"start":{"line":40,"column":23},"end":{"line":40,"column":41}},"20":{"start":{"line":42,"column":34},"end":{"line":48,"column":3}},"21":{"start":{"line":43,"column":4},"end":{"line":47,"column":5}},"22":{"start":{"line":44,"column":6},"end":{"line":44,"column":71}},"23":{"start":{"line":46,"column":6},"end":{"line":46,"column":78}},"24":{"start":{"line":50,"column":21},"end":{"line":54,"column":33}},"25":{"start":{"line":51,"column":4},"end":{"line":53,"column":5}},"26":{"start":{"line":52,"column":6},"end":{"line":52,"column":42}},"27":{"start":{"line":52,"column":32},"end":{"line":52,"column":40}},"28":{"start":{"line":56,"column":21},"end":{"line":60,"column":20}},"29":{"start":{"line":57,"column":4},"end":{"line":59,"column":5}},"30":{"start":{"line":58,"column":6},"end":{"line":58,"column":42}},"31":{"start":{"line":58,"column":32},"end":{"line":58,"column":40}},"32":{"start":{"line":62,"column":21},"end":{"line":67,"column":16}},"33":{"start":{"line":63,"column":4},"end":{"line":63,"column":36}},"34":{"start":{"line":64,"column":4},"end":{"line":66,"column":5}},"35":{"start":{"line":65,"column":6},"end":{"line":65,"column":30}},"36":{"start":{"line":69,"column":25},"end":{"line":77,"column":3}},"37":{"start":{"line":71,"column":6},"end":{"line":71,"column":38}},"38":{"start":{"line":72,"column":6},"end":{"line":74,"column":7}},"39":{"start":{"line":73,"column":8},"end":{"line":73,"column":30}},"40":{"start":{"line":79,"column":26},"end":{"line":83,"column":19}},"41":{"start":{"line":80,"column":4},"end":{"line":82,"column":5}},"42":{"start":{"line":81,"column":6},"end":{"line":81,"column":29}},"43":{"start":{"line":85,"column":2},"end":{"line":96,"column":4}}},"fnMap":{"0":{"name":"(anonymous_0)","decl":{"start":{"line":6,"column":29},"end":{"line":6,"column":30}},"loc":{"start":{"line":8,"column":26},"end":{"line":97,"column":1}},"line":8},"1":{"name":"(anonymous_1)","decl":{"start":{"line":13,"column":12},"end":{"line":13,"column":13}},"loc":{"start":{"line":13,"column":18},"end":{"line":36,"column":3}},"line":13},"2":{"name":"(anonymous_2)","decl":{"start":{"line":15,"column":34},"end":{"line":15,"column":35}},"loc":{"start":{"line":15,"column":46},"end":{"line":30,"column":5}},"line":15},"3":{"name":"(anonymous_3)","decl":{"start":{"line":33,"column":11},"end":{"line":33,"column":12}},"loc":{"start":{"line":33,"column":17},"end":{"line":35,"column":5}},"line":33},"4":{"name":"(anonymous_4)","decl":{"start":{"line":42,"column":34},"end":{"line":42,"column":35}},"loc":{"start":{"line":42,"column":46},"end":{"line":48,"column":3}},"line":42},"5":{"name":"(anonymous_5)","decl":{"start":{"line":50,"column":33},"end":{"line":50,"column":34}},"loc":{"start":{"line":50,"column":39},"end":{"line":54,"column":3}},"line":50},"6":{"name":"(anonymous_6)","decl":{"start":{"line":52,"column":22},"end":{"line":52,"column":23}},"loc":{"start":{"line":52,"column":32},"end":{"line":52,"column":40}},"line":52},"7":{"name":"(anonymous_7)","decl":{"start":{"line":56,"column":33},"end":{"line":56,"column":34}},"loc":{"start":{"line":56,"column":39},"end":{"line":60,"column":3}},"line":56},"8":{"name":"(anonymous_8)","decl":{"start":{"line":58,"column":22},"end":{"line":58,"column":23}},"loc":{"start":{"line":58,"column":32},"end":{"line":58,"column":40}},"line":58},"9":{"name":"(anonymous_9)","decl":{"start":{"line":62,"column":33},"end":{"line":62,"column":34}},"loc":{"start":{"line":62,"column":45},"end":{"line":67,"column":3}},"line":62},"10":{"name":"(anonymous_10)","decl":{"start":{"line":70,"column":4},"end":{"line":70,"column":5}},"loc":{"start":{"line":70,"column":81},"end":{"line":75,"column":5}},"line":70},"11":{"name":"(anonymous_11)","decl":{"start":{"line":79,"column":38},"end":{"line":79,"column":39}},"loc":{"start":{"line":79,"column":57},"end":{"line":83,"column":3}},"line":79}},"branchMap":{"0":{"loc":{"start":{"line":18,"column":8},"end":{"line":22,"column":9}},"type":"if","locations":[{"start":{"line":18,"column":8},"end":{"line":22,"column":9}},{"start":{},"end":{}}],"line":18},"1":{"loc":{"start":{"line":18,"column":12},"end":{"line":18,"column":45}},"type":"binary-expr","locations":[{"start":{"line":18,"column":12},"end":{"line":18,"column":21}},{"start":{"line":18,"column":25},"end":{"line":18,"column":45}}],"line":18},"2":{"loc":{"start":{"line":19,"column":10},"end":{"line":21,"column":11}},"type":"if","locations":[{"start":{"line":19,"column":10},"end":{"line":21,"column":11}},{"start":{},"end":{}}],"line":19},"3":{"loc":{"start":{"line":26,"column":8},"end":{"line":28,"column":9}},"type":"if","locations":[{"start":{"line":26,"column":8},"end":{"line":28,"column":9}},{"start":{},"end":{}}],"line":26},"4":{"loc":{"start":{"line":51,"column":4},"end":{"line":53,"column":5}},"type":"if","locations":[{"start":{"line":51,"column":4},"end":{"line":53,"column":5}},{"start":{},"end":{}}],"line":51},"5":{"loc":{"start":{"line":57,"column":4},"end":{"line":59,"column":5}},"type":"if","locations":[{"start":{"line":57,"column":4},"end":{"line":59,"column":5}},{"start":{},"end":{}}],"line":57},"6":{"loc":{"start":{"line":64,"column":4},"end":{"line":66,"column":5}},"type":"if","locations":[{"start":{"line":64,"column":4},"end":{"line":66,"column":5}},{"start":{},"end":{}}],"line":64},"7":{"loc":{"start":{"line":70,"column":11},"end":{"line":70,"column":76}},"type":"default-arg","locations":[{"start":{"line":70,"column":63},"end":{"line":70,"column":76}}],"line":70},"8":{"loc":{"start":{"line":72,"column":6},"end":{"line":74,"column":7}},"type":"if","locations":[{"start":{"line":72,"column":6},"end":{"line":74,"column":7}},{"start":{},"end":{}}],"line":72},"9":{"loc":{"start":{"line":80,"column":4},"end":{"line":82,"column":5}},"type":"if","locations":[{"start":{"line":80,"column":4},"end":{"line":82,"column":5}},{"start":{},"end":{}}],"line":80},"10":{"loc":{"start":{"line":80,"column":8},"end":{"line":80,"column":41}},"type":"binary-expr","locations":[{"start":{"line":80,"column":8},"end":{"line":80,"column":18}},{"start":{"line":80,"column":22},"end":{"line":80,"column":41}}],"line":80}},"s":{"0":2,"1":13,"2":13,"3":13,"4":6,"5":6,"6":6,"7":6,"8":6,"9":0,"10":0,"11":0,"12":6,"13":6,"14":6,"15":6,"16":6,"17":13,"18":13,"19":13,"20":13,"21":3,"22":3,"23":0,"24":13,"25":1,"26":1,"27":1,"28":13,"29":0,"30":0,"31":0,"32":13,"33":2,"34":2,"35":2,"36":13,"37":1,"38":1,"39":1,"40":13,"41":0,"42":0,"43":13},"f":{"0":13,"1":6,"2":6,"3":6,"4":3,"5":1,"6":1,"7":0,"8":0,"9":2,"10":1,"11":0},"b":{"0":[0,6],"1":[6,6],"2":[0,0],"3":[6,0],"4":[1,0],"5":[0,0],"6":[2,0],"7":[0],"8":[1,0],"9":[0,0],"10":[0,0]},"_coverageSchema":"1a1c01bbd47fc00a2c39e90264f33305004495a9","hash":"fda5faa4f5e971b28e88fde99399355e658d95f8"}
,"/home/nicomanescau/StartUp 6I/Frontend/src/hooks/useRegisterForm.ts": {"path":"/home/nicomanescau/StartUp 6I/Frontend/src/hooks/useRegisterForm.ts","statementMap":{"0":{"start":{"line":11,"column":20},"end":{"line":11,"column":48}},"1":{"start":{"line":12,"column":20},"end":{"line":12,"column":38}},"2":{"start":{"line":14,"column":31},"end":{"line":193,"column":1}},"3":{"start":{"line":18,"column":34},"end":{"line":26,"column":4}},"4":{"start":{"line":28,"column":32},"end":{"line":36,"column":4}},"5":{"start":{"line":38,"column":42},"end":{"line":38,"column":66}},"6":{"start":{"line":39,"column":56},"end":{"line":39,"column":80}},"7":{"start":{"line":40,"column":50},"end":{"line":40,"column":74}},"8":{"start":{"line":41,"column":42},"end":{"line":41,"column":66}},"9":{"start":{"line":42,"column":40},"end":{"line":42,"column":69}},"10":{"start":{"line":44,"column":27},"end":{"line":53,"column":25}},"11":{"start":{"line":45,"column":16},"end":{"line":45,"column":33}},"12":{"start":{"line":46,"column":4},"end":{"line":52,"column":6}},"13":{"start":{"line":55,"column":17},"end":{"line":101,"column":34}},"14":{"start":{"line":56,"column":37},"end":{"line":56,"column":39}},"15":{"start":{"line":58,"column":4},"end":{"line":62,"column":5}},"16":{"start":{"line":59,"column":6},"end":{"line":59,"column":50}},"17":{"start":{"line":60,"column":11},"end":{"line":62,"column":5}},"18":{"start":{"line":61,"column":6},"end":{"line":61,"column":68}},"19":{"start":{"line":64,"column":4},"end":{"line":68,"column":5}},"20":{"start":{"line":65,"column":6},"end":{"line":65,"column":51}},"21":{"start":{"line":66,"column":11},"end":{"line":68,"column":5}},"22":{"start":{"line":67,"column":6},"end":{"line":67,"column":69}},"23":{"start":{"line":70,"column":4},"end":{"line":74,"column":5}},"24":{"start":{"line":71,"column":6},"end":{"line":71,"column":58}},"25":{"start":{"line":72,"column":11},"end":{"line":74,"column":5}},"26":{"start":{"line":73,"column":6},"end":{"line":73,"column":60}},"27":{"start":{"line":76,"column":23},"end":{"line":76,"column":57}},"28":{"start":{"line":77,"column":4},"end":{"line":81,"column":5}},"29":{"start":{"line":78,"column":6},"end":{"line":78,"column":48}},"30":{"start":{"line":79,"column":11},"end":{"line":81,"column":5}},"31":{"start":{"line":80,"column":6},"end":{"line":80,"column":68}},"32":{"start":{"line":83,"column":27},"end":{"line":83,"column":73}},"33":{"start":{"line":84,"column":4},"end":{"line":88,"column":5}},"34":{"start":{"line":85,"column":6},"end":{"line":85,"column":53}},"35":{"start":{"line":86,"column":11},"end":{"line":88,"column":5}},"36":{"start":{"line":87,"column":6},"end":{"line":87,"column":88}},"37":{"start":{"line":90,"column":4},"end":{"line":94,"column":5}},"38":{"start":{"line":91,"column":6},"end":{"line":91,"column":61}},"39":{"start":{"line":92,"column":11},"end":{"line":94,"column":5}},"40":{"start":{"line":93,"column":6},"end":{"line":93,"column":60}},"41":{"start":{"line":96,"column":4},"end":{"line":98,"column":5}},"42":{"start":{"line":97,"column":6},"end":{"line":97,"column":70}},"43":{"start":{"line":100,"column":4},"end":{"line":100,"column":16}},"44":{"start":{"line":103,"column":22},"end":{"line":105,"column":14}},"45":{"start":{"line":104,"column":4},"end":{"line":104,"column":44}},"46":{"start":{"line":107,"column":23},"end":{"line":110,"column":8}},"47":{"start":{"line":108,"column":4},"end":{"line":108,"column":57}},"48":{"start":{"line":108,"column":27},"end":{"line":108,"column":54}},"49":{"start":{"line":109,"column":4},"end":{"line":109,"column":25}},"50":{"start":{"line":112,"column":21},"end":{"line":114,"column":8}},"51":{"start":{"line":113,"column":4},"end":{"line":113,"column":55}},"52":{"start":{"line":113,"column":26},"end":{"line":113,"column":52}},"53":{"start":{"line":116,"column":29},"end":{"line":118,"column":8}},"54":{"start":{"line":117,"column":4},"end":{"line":117,"column":37}},"55":{"start":{"line":117,"column":30},"end":{"line":117,"column":35}},"56":{"start":{"line":120,"column":36},"end":{"line":122,"column":8}},"57":{"start":{"line":121,"column":4},"end":{"line":121,"column":44}},"58":{"start":{"line":121,"column":37},"end":{"line":121,"column":42}},"59":{"start":{"line":124,"column":28},"end":{"line":127,"column":20}},"60":{"start":{"line":125,"column":4},"end":{"line":125,"column":40}},"61":{"start":{"line":126,"column":4},"end":{"line":126,"column":61}},"62":{"start":{"line":126,"column":26},"end":{"line":126,"column":58}},"63":{"start":{"line":129,"column":23},"end":{"line":171,"column":46}},"64":{"start":{"line":131,"column":4},"end":{"line":139,"column":7}},"65":{"start":{"line":141,"column":4},"end":{"line":143,"column":5}},"66":{"start":{"line":142,"column":6},"end":{"line":142,"column":13}},"67":{"start":{"line":145,"column":4},"end":{"line":145,"column":26}},"68":{"start":{"line":146,"column":4},"end":{"line":146,"column":25}},"69":{"start":{"line":148,"column":4},"end":{"line":170,"column":5}},"70":{"start":{"line":149,"column":6},"end":{"line":155,"column":9}},"71":{"start":{"line":157,"column":6},"end":{"line":157,"column":24}},"72":{"start":{"line":159,"column":6},"end":{"line":167,"column":7}},"73":{"start":{"line":160,"column":8},"end":{"line":164,"column":9}},"74":{"start":{"line":161,"column":10},"end":{"line":161,"column":99}},"75":{"start":{"line":163,"column":10},"end":{"line":163,"column":85}},"76":{"start":{"line":166,"column":8},"end":{"line":166,"column":82}},"77":{"start":{"line":169,"column":6},"end":{"line":169,"column":29}},"78":{"start":{"line":173,"column":2},"end":{"line":192,"column":4}}},"fnMap":{"0":{"name":"(anonymous_0)","decl":{"start":{"line":14,"column":31},"end":{"line":14,"column":32}},"loc":{"start":{"line":17,"column":5},"end":{"line":193,"column":1}},"line":17},"1":{"name":"(anonymous_1)","decl":{"start":{"line":44,"column":59},"end":{"line":44,"column":60}},"loc":{"start":{"line":44,"column":65},"end":{"line":53,"column":3}},"line":44},"2":{"name":"(anonymous_2)","decl":{"start":{"line":55,"column":45},"end":{"line":55,"column":46}},"loc":{"start":{"line":55,"column":51},"end":{"line":101,"column":3}},"line":55},"3":{"name":"(anonymous_3)","decl":{"start":{"line":103,"column":30},"end":{"line":103,"column":31}},"loc":{"start":{"line":103,"column":36},"end":{"line":105,"column":3}},"line":103},"4":{"name":"(anonymous_4)","decl":{"start":{"line":107,"column":35},"end":{"line":107,"column":36}},"loc":{"start":{"line":107,"column":85},"end":{"line":110,"column":3}},"line":107},"5":{"name":"(anonymous_5)","decl":{"start":{"line":108,"column":16},"end":{"line":108,"column":17}},"loc":{"start":{"line":108,"column":27},"end":{"line":108,"column":54}},"line":108},"6":{"name":"(anonymous_6)","decl":{"start":{"line":112,"column":33},"end":{"line":112,"column":34}},"loc":{"start":{"line":112,"column":58},"end":{"line":114,"column":3}},"line":112},"7":{"name":"(anonymous_7)","decl":{"start":{"line":113,"column":15},"end":{"line":113,"column":16}},"loc":{"start":{"line":113,"column":26},"end":{"line":113,"column":52}},"line":113},"8":{"name":"(anonymous_8)","decl":{"start":{"line":116,"column":41},"end":{"line":116,"column":42}},"loc":{"start":{"line":116,"column":47},"end":{"line":118,"column":3}},"line":116},"9":{"name":"(anonymous_9)","decl":{"start":{"line":117,"column":20},"end":{"line":117,"column":21}},"loc":{"start":{"line":117,"column":30},"end":{"line":117,"column":35}},"line":117},"10":{"name":"(anonymous_10)","decl":{"start":{"line":120,"column":48},"end":{"line":120,"column":49}},"loc":{"start":{"line":120,"column":54},"end":{"line":122,"column":3}},"line":120},"11":{"name":"(anonymous_11)","decl":{"start":{"line":121,"column":27},"end":{"line":121,"column":28}},"loc":{"start":{"line":121,"column":37},"end":{"line":121,"column":42}},"line":121},"12":{"name":"(anonymous_12)","decl":{"start":{"line":124,"column":40},"end":{"line":124,"column":41}},"loc":{"start":{"line":124,"column":46},"end":{"line":127,"column":3}},"line":124},"13":{"name":"(anonymous_13)","decl":{"start":{"line":126,"column":15},"end":{"line":126,"column":16}},"loc":{"start":{"line":126,"column":26},"end":{"line":126,"column":58}},"line":126},"14":{"name":"(anonymous_14)","decl":{"start":{"line":129,"column":35},"end":{"line":129,"column":36}},"loc":{"start":{"line":129,"column":47},"end":{"line":171,"column":3}},"line":129}},"branchMap":{"0":{"loc":{"start":{"line":58,"column":4},"end":{"line":62,"column":5}},"type":"if","locations":[{"start":{"line":58,"column":4},"end":{"line":62,"column":5}},{"start":{"line":60,"column":11},"end":{"line":62,"column":5}}],"line":58},"1":{"loc":{"start":{"line":60,"column":11},"end":{"line":62,"column":5}},"type":"if","locations":[{"start":{"line":60,"column":11},"end":{"line":62,"column":5}},{"start":{},"end":{}}],"line":60},"2":{"loc":{"start":{"line":64,"column":4},"end":{"line":68,"column":5}},"type":"if","locations":[{"start":{"line":64,"column":4},"end":{"line":68,"column":5}},{"start":{"line":66,"column":11},"end":{"line":68,"column":5}}],"line":64},"3":{"loc":{"start":{"line":66,"column":11},"end":{"line":68,"column":5}},"type":"if","locations":[{"start":{"line":66,"column":11},"end":{"line":68,"column":5}},{"start":{},"end":{}}],"line":66},"4":{"loc":{"start":{"line":70,"column":4},"end":{"line":74,"column":5}},"type":"if","locations":[{"start":{"line":70,"column":4},"end":{"line":74,"column":5}},{"start":{"line":72,"column":11},"end":{"line":74,"column":5}}],"line":70},"5":{"loc":{"start":{"line":72,"column":11},"end":{"line":74,"column":5}},"type":"if","locations":[{"start":{"line":72,"column":11},"end":{"line":74,"column":5}},{"start":{},"end":{}}],"line":72},"6":{"loc":{"start":{"line":77,"column":4},"end":{"line":81,"column":5}},"type":"if","locations":[{"start":{"line":77,"column":4},"end":{"line":81,"column":5}},{"start":{"line":79,"column":11},"end":{"line":81,"column":5}}],"line":77},"7":{"loc":{"start":{"line":79,"column":11},"end":{"line":81,"column":5}},"type":"if","locations":[{"start":{"line":79,"column":11},"end":{"line":81,"column":5}},{"start":{},"end":{}}],"line":79},"8":{"loc":{"start":{"line":84,"column":4},"end":{"line":88,"column":5}},"type":"if","locations":[{"start":{"line":84,"column":4},"end":{"line":88,"column":5}},{"start":{"line":86,"column":11},"end":{"line":88,"column":5}}],"line":84},"9":{"loc":{"start":{"line":86,"column":11},"end":{"line":88,"column":5}},"type":"if","locations":[{"start":{"line":86,"column":11},"end":{"line":88,"column":5}},{"start":{},"end":{}}],"line":86},"10":{"loc":{"start":{"line":90,"column":4},"end":{"line":94,"column":5}},"type":"if","locations":[{"start":{"line":90,"column":4},"end":{"line":94,"column":5}},{"start":{"line":92,"column":11},"end":{"line":94,"column":5}}],"line":90},"11":{"loc":{"start":{"line":92,"column":11},"end":{"line":94,"column":5}},"type":"if","locations":[{"start":{"line":92,"column":11},"end":{"line":94,"column":5}},{"start":{},"end":{}}],"line":92},"12":{"loc":{"start":{"line":96,"column":4},"end":{"line":98,"column":5}},"type":"if","locations":[{"start":{"line":96,"column":4},"end":{"line":98,"column":5}},{"start":{},"end":{}}],"line":96},"13":{"loc":{"start":{"line":141,"column":4},"end":{"line":143,"column":5}},"type":"if","locations":[{"start":{"line":141,"column":4},"end":{"line":143,"column":5}},{"start":{},"end":{}}],"line":141},"14":{"loc":{"start":{"line":159,"column":6},"end":{"line":167,"column":7}},"type":"if","locations":[{"start":{"line":159,"column":6},"end":{"line":167,"column":7}},{"start":{"line":165,"column":13},"end":{"line":167,"column":7}}],"line":159},"15":{"loc":{"start":{"line":160,"column":8},"end":{"line":164,"column":9}},"type":"if","locations":[{"start":{"line":160,"column":8},"end":{"line":164,"column":9}},{"start":{"line":162,"column":15},"end":{"line":164,"column":9}}],"line":160},"16":{"loc":{"start":{"line":163,"column":25},"end":{"line":163,"column":83}},"type":"binary-expr","locations":[{"start":{"line":163,"column":25},"end":{"line":163,"column":36}},{"start":{"line":163,"column":40},"end":{"line":163,"column":83}}],"line":163}},"s":{"0":2,"1":2,"2":2,"3":37,"4":37,"5":37,"6":37,"7":37,"8":37,"9":37,"10":37,"11":19,"12":19,"13":37,"14":30,"15":30,"16":21,"17":9,"18":0,"19":30,"20":22,"21":8,"22":0,"23":30,"24":21,"25":9,"26":1,"27":30,"28":30,"29":24,"30":6,"31":0,"32":30,"33":30,"34":21,"35":9,"36":1,"37":30,"38":24,"39":6,"40":1,"41":30,"42":25,"43":30,"44":37,"45":30,"46":37,"47":30,"48":30,"49":30,"50":37,"51":0,"52":0,"53":37,"54":1,"55":1,"56":37,"57":1,"58":1,"59":37,"60":2,"61":2,"62":2,"63":37,"64":3,"65":3,"66":0,"67":3,"68":3,"69":3,"70":3,"71":2,"72":1,"73":1,"74":1,"75":0,"76":0,"77":3,"78":37},"f":{"0":37,"1":19,"2":30,"3":30,"4":30,"5":30,"6":0,"7":0,"8":1,"9":1,"10":1,"11":1,"12":2,"13":2,"14":3},"b":{"0":[21,9],"1":[0,9],"2":[22,8],"3":[0,8],"4":[21,9],"5":[1,8],"6":[24,6],"7":[0,6],"8":[21,9],"9":[1,8],"10":[24,6],"11":[1,5],"12":[25,5],"13":[0,3],"14":[1,0],"15":[1,0],"16":[0,0]},"_coverageSchema":"1a1c01bbd47fc00a2c39e90264f33305004495a9","hash":"cc8f1d4b43f795e33863d14117732a9e99eddd63"}
,"/home/nicomanescau/StartUp 6I/Frontend/src/i18n/onboardingContent.ts": {"path":"/home/nicomanescau/StartUp 6I/Frontend/src/i18n/onboardingContent.ts","statementMap":{"0":{"start":{"line":4,"column":44},"end":{"line":4,"column":79}},"1":{"start":{"line":6,"column":57},"end":{"line":51,"column":1}},"2":{"start":{"line":53,"column":35},"end":{"line":66,"column":1}}},"fnMap":{},"branchMap":{},"s":{"0":2,"1":2,"2":2},"f":{},"b":{},"_coverageSchema":"1a1c01bbd47fc00a2c39e90264f33305004495a9","hash":"375c5e396a6f1b4f507cb8f30a33164e3d92243e"}
,"/home/nicomanescau/StartUp 6I/Frontend/src/screens/AuthWelcomeScreen.tsx": {"path":"/home/nicomanescau/StartUp 6I/Frontend/src/screens/AuthWelcomeScreen.tsx","statementMap":{"0":{"start":{"line":8,"column":67},"end":{"line":59,"column":1}},"1":{"start":{"line":13,"column":2},"end":{"line":58,"column":4}},"2":{"start":{"line":61,"column":15},"end":{"line":143,"column":2}}},"fnMap":{"0":{"name":"(anonymous_0)","decl":{"start":{"line":8,"column":67},"end":{"line":8,"column":68}},"loc":{"start":{"line":12,"column":6},"end":{"line":59,"column":1}},"line":12}},"branchMap":{},"s":{"0":1,"1":2,"2":1},"f":{"0":2},"b":{},"_coverageSchema":"1a1c01bbd47fc00a2c39e90264f33305004495a9","hash":"cb2474355dcc24f03474d1157ef8c8e64c3b8542"}
,"/home/nicomanescau/StartUp 6I/Frontend/src/screens/OnboardingScreen.tsx": {"path":"/home/nicomanescau/StartUp 6I/Frontend/src/screens/OnboardingScreen.tsx","statementMap":{"0":{"start":{"line":21,"column":65},"end":{"line":97,"column":1}},"1":{"start":{"line":22,"column":28},"end":{"line":22,"column":49}},"2":{"start":{"line":23,"column":22},"end":{"line":23,"column":65}},"3":{"start":{"line":35,"column":6},"end":{"line":35,"column":39}},"4":{"start":{"line":38,"column":2},"end":{"line":45,"column":32}},"5":{"start":{"line":39,"column":4},"end":{"line":44,"column":5}},"6":{"start":{"line":40,"column":6},"end":{"line":43,"column":9}},"7":{"start":{"line":47,"column":30},"end":{"line":51,"column":3}},"8":{"start":{"line":48,"column":27},"end":{"line":48,"column":60}},"9":{"start":{"line":49,"column":18},"end":{"line":49,"column":52}},"10":{"start":{"line":50,"column":4},"end":{"line":50,"column":27}},"11":{"start":{"line":53,"column":2},"end":{"line":59,"column":3}},"12":{"start":{"line":54,"column":4},"end":{"line":58,"column":6}},"13":{"start":{"line":61,"column":2},"end":{"line":96,"column":4}},"14":{"start":{"line":72,"column":32},"end":{"line":72,"column":39}},"15":{"start":{"line":77,"column":38},"end":{"line":81,"column":9}},"16":{"start":{"line":83,"column":10},"end":{"line":83,"column":71}},"17":{"start":{"line":93,"column":23},"end":{"line":93,"column":52}},"18":{"start":{"line":99,"column":15},"end":{"line":110,"column":2}}},"fnMap":{"0":{"name":"(anonymous_0)","decl":{"start":{"line":21,"column":65},"end":{"line":21,"column":66}},"loc":{"start":{"line":21,"column":93},"end":{"line":97,"column":1}},"line":21},"1":{"name":"(anonymous_1)","decl":{"start":{"line":38,"column":12},"end":{"line":38,"column":13}},"loc":{"start":{"line":38,"column":18},"end":{"line":45,"column":3}},"line":38},"2":{"name":"(anonymous_2)","decl":{"start":{"line":47,"column":30},"end":{"line":47,"column":31}},"loc":{"start":{"line":47,"column":82},"end":{"line":51,"column":3}},"line":47},"3":{"name":"(anonymous_3)","decl":{"start":{"line":72,"column":22},"end":{"line":72,"column":23}},"loc":{"start":{"line":72,"column":32},"end":{"line":72,"column":39}},"line":72},"4":{"name":"(anonymous_4)","decl":{"start":{"line":77,"column":23},"end":{"line":77,"column":24}},"loc":{"start":{"line":77,"column":38},"end":{"line":81,"column":9}},"line":77},"5":{"name":"(anonymous_5)","decl":{"start":{"line":82,"column":20},"end":{"line":82,"column":21}},"loc":{"start":{"line":83,"column":10},"end":{"line":83,"column":71}},"line":83},"6":{"name":"(anonymous_6)","decl":{"start":{"line":93,"column":17},"end":{"line":93,"column":18}},"loc":{"start":{"line":93,"column":23},"end":{"line":93,"column":52}},"line":93}},"branchMap":{"0":{"loc":{"start":{"line":39,"column":4},"end":{"line":44,"column":5}},"type":"if","locations":[{"start":{"line":39,"column":4},"end":{"line":44,"column":5}},{"start":{},"end":{}}],"line":39},"1":{"loc":{"start":{"line":39,"column":8},"end":{"line":39,"column":41}},"type":"binary-expr","locations":[{"start":{"line":39,"column":8},"end":{"line":39,"column":27}},{"start":{"line":39,"column":31},"end":{"line":39,"column":41}}],"line":39},"2":{"loc":{"start":{"line":53,"column":2},"end":{"line":59,"column":3}},"type":"if","locations":[{"start":{"line":53,"column":2},"end":{"line":59,"column":3}},{"start":{},"end":{}}],"line":53}},"s":{"0":1,"1":4,"2":4,"3":4,"4":4,"5":4,"6":2,"7":4,"8":0,"9":0,"10":0,"11":4,"12":2,"13":2,"14":14,"15":4,"16":8,"17":0,"18":1},"f":{"0":4,"1":4,"2":0,"3":14,"4":4,"5":8,"6":0},"b":{"0":[2,2],"1":[4,2],"2":[2,2]},"_coverageSchema":"1a1c01bbd47fc00a2c39e90264f33305004495a9","hash":"836bd1752cc88acc41f35bb7bc341595b4acfd43"}
,"/home/nicomanescau/StartUp 6I/Frontend/src/screens/RegisterScreen.tsx": {"path":"/home/nicomanescau/StartUp 6I/Frontend/src/screens/RegisterScreen.tsx","statementMap":{"0":{"start":{"line":22,"column":61},"end":{"line":185,"column":1}},"1":{"start":{"line":45,"column":6},"end":{"line":45,"column":57}},"2":{"start":{"line":47,"column":2},"end":{"line":184,"column":4}},"3":{"start":{"line":80,"column":33},"end":{"line":80,"column":61}},"4":{"start":{"line":81,"column":26},"end":{"line":81,"column":49}},"5":{"start":{"line":91,"column":33},"end":{"line":91,"column":60}},"6":{"start":{"line":92,"column":26},"end":{"line":92,"column":48}},"7":{"start":{"line":102,"column":33},"end":{"line":102,"column":57}},"8":{"start":{"line":103,"column":26},"end":{"line":103,"column":45}},"9":{"start":{"line":114,"column":33},"end":{"line":114,"column":57}},"10":{"start":{"line":115,"column":26},"end":{"line":115,"column":45}},"11":{"start":{"line":125,"column":33},"end":{"line":125,"column":60}},"12":{"start":{"line":126,"column":26},"end":{"line":126,"column":48}},"13":{"start":{"line":139,"column":33},"end":{"line":139,"column":67}},"14":{"start":{"line":140,"column":26},"end":{"line":140,"column":55}},"15":{"start":{"line":150,"column":33},"end":{"line":150,"column":87}},"16":{"start":{"line":151,"column":36},"end":{"line":151,"column":61}},"17":{"start":{"line":180,"column":23},"end":{"line":180,"column":49}},"18":{"start":{"line":187,"column":15},"end":{"line":223,"column":2}}},"fnMap":{"0":{"name":"(anonymous_0)","decl":{"start":{"line":22,"column":61},"end":{"line":22,"column":62}},"loc":{"start":{"line":26,"column":6},"end":{"line":185,"column":1}},"line":26},"1":{"name":"(anonymous_1)","decl":{"start":{"line":80,"column":26},"end":{"line":80,"column":27}},"loc":{"start":{"line":80,"column":33},"end":{"line":80,"column":61}},"line":80},"2":{"name":"(anonymous_2)","decl":{"start":{"line":81,"column":20},"end":{"line":81,"column":21}},"loc":{"start":{"line":81,"column":26},"end":{"line":81,"column":49}},"line":81},"3":{"name":"(anonymous_3)","decl":{"start":{"line":91,"column":26},"end":{"line":91,"column":27}},"loc":{"start":{"line":91,"column":33},"end":{"line":91,"column":60}},"line":91},"4":{"name":"(anonymous_4)","decl":{"start":{"line":92,"column":20},"end":{"line":92,"column":21}},"loc":{"start":{"line":92,"column":26},"end":{"line":92,"column":48}},"line":92},"5":{"name":"(anonymous_5)","decl":{"start":{"line":102,"column":26},"end":{"line":102,"column":27}},"loc":{"start":{"line":102,"column":33},"end":{"line":102,"column":57}},"line":102},"6":{"name":"(anonymous_6)","decl":{"start":{"line":103,"column":20},"end":{"line":103,"column":21}},"loc":{"start":{"line":103,"column":26},"end":{"line":103,"column":45}},"line":103},"7":{"name":"(anonymous_7)","decl":{"start":{"line":114,"column":26},"end":{"line":114,"column":27}},"loc":{"start":{"line":114,"column":33},"end":{"line":114,"column":57}},"line":114},"8":{"name":"(anonymous_8)","decl":{"start":{"line":115,"column":20},"end":{"line":115,"column":21}},"loc":{"start":{"line":115,"column":26},"end":{"line":115,"column":45}},"line":115},"9":{"name":"(anonymous_9)","decl":{"start":{"line":125,"column":26},"end":{"line":125,"column":27}},"loc":{"start":{"line":125,"column":33},"end":{"line":125,"column":60}},"line":125},"10":{"name":"(anonymous_10)","decl":{"start":{"line":126,"column":20},"end":{"line":126,"column":21}},"loc":{"start":{"line":126,"column":26},"end":{"line":126,"column":48}},"line":126},"11":{"name":"(anonymous_11)","decl":{"start":{"line":139,"column":26},"end":{"line":139,"column":27}},"loc":{"start":{"line":139,"column":33},"end":{"line":139,"column":67}},"line":139},"12":{"name":"(anonymous_12)","decl":{"start":{"line":140,"column":20},"end":{"line":140,"column":21}},"loc":{"start":{"line":140,"column":26},"end":{"line":140,"column":55}},"line":140},"13":{"name":"(anonymous_13)","decl":{"start":{"line":150,"column":27},"end":{"line":150,"column":28}},"loc":{"start":{"line":150,"column":33},"end":{"line":150,"column":87}},"line":150},"14":{"name":"(anonymous_14)","decl":{"start":{"line":151,"column":30},"end":{"line":151,"column":31}},"loc":{"start":{"line":151,"column":36},"end":{"line":151,"column":61}},"line":151},"15":{"name":"(anonymous_15)","decl":{"start":{"line":180,"column":17},"end":{"line":180,"column":18}},"loc":{"start":{"line":180,"column":23},"end":{"line":180,"column":49}},"line":180}},"branchMap":{"0":{"loc":{"start":{"line":51,"column":18},"end":{"line":51,"column":62}},"type":"cond-expr","locations":[{"start":{"line":51,"column":42},"end":{"line":51,"column":51}},{"start":{"line":51,"column":54},"end":{"line":51,"column":62}}],"line":51},"1":{"loc":{"start":{"line":71,"column":11},"end":{"line":75,"column":11}},"type":"binary-expr","locations":[{"start":{"line":71,"column":11},"end":{"line":71,"column":22}},{"start":{"line":72,"column":12},"end":{"line":74,"column":19}}],"line":71},"2":{"loc":{"start":{"line":82,"column":19},"end":{"line":82,"column":67}},"type":"cond-expr","locations":[{"start":{"line":82,"column":39},"end":{"line":82,"column":55}},{"start":{"line":82,"column":58},"end":{"line":82,"column":67}}],"line":82},"3":{"loc":{"start":{"line":93,"column":19},"end":{"line":93,"column":65}},"type":"cond-expr","locations":[{"start":{"line":93,"column":38},"end":{"line":93,"column":53}},{"start":{"line":93,"column":56},"end":{"line":93,"column":65}}],"line":93},"4":{"loc":{"start":{"line":104,"column":19},"end":{"line":104,"column":59}},"type":"cond-expr","locations":[{"start":{"line":104,"column":35},"end":{"line":104,"column":47}},{"start":{"line":104,"column":50},"end":{"line":104,"column":59}}],"line":104},"5":{"loc":{"start":{"line":116,"column":19},"end":{"line":116,"column":59}},"type":"cond-expr","locations":[{"start":{"line":116,"column":35},"end":{"line":116,"column":47}},{"start":{"line":116,"column":50},"end":{"line":116,"column":59}}],"line":116},"6":{"loc":{"start":{"line":127,"column":19},"end":{"line":127,"column":65}},"type":"cond-expr","locations":[{"start":{"line":127,"column":38},"end":{"line":127,"column":53}},{"start":{"line":127,"column":56},"end":{"line":127,"column":65}}],"line":127},"7":{"loc":{"start":{"line":141,"column":19},"end":{"line":141,"column":79}},"type":"cond-expr","locations":[{"start":{"line":141,"column":45},"end":{"line":141,"column":67}},{"start":{"line":141,"column":70},"end":{"line":141,"column":79}}],"line":141},"8":{"loc":{"start":{"line":157,"column":41},"end":{"line":157,"column":102}},"type":"binary-expr","locations":[{"start":{"line":157,"column":42},"end":{"line":157,"column":54}},{"start":{"line":157,"column":58},"end":{"line":157,"column":70}},{"start":{"line":157,"column":75},"end":{"line":157,"column":102}}],"line":157},"9":{"loc":{"start":{"line":159,"column":22},"end":{"line":159,"column":50}},"type":"binary-expr","locations":[{"start":{"line":159,"column":22},"end":{"line":159,"column":34}},{"start":{"line":159,"column":38},"end":{"line":159,"column":50}}],"line":159},"10":{"loc":{"start":{"line":162,"column":13},"end":{"line":166,"column":13}},"type":"cond-expr","locations":[{"start":{"line":163,"column":14},"end":{"line":163,"column":87}},{"start":{"line":165,"column":14},"end":{"line":165,"column":70}}],"line":162}},"s":{"0":1,"1":16,"2":16,"3":1,"4":0,"5":1,"6":0,"7":1,"8":0,"9":1,"10":0,"11":1,"12":0,"13":1,"14":0,"15":1,"16":1,"17":1,"18":1},"f":{"0":16,"1":1,"2":0,"3":1,"4":0,"5":1,"6":0,"7":1,"8":0,"9":1,"10":0,"11":1,"12":0,"13":1,"14":1,"15":1},"b":{"0":[16,0],"1":[16,0],"2":[2,14],"3":[2,14],"4":[2,14],"5":[2,14],"6":[2,14],"7":[2,14],"8":[16,3,14],"9":[16,3],"10":[1,15]},"_coverageSchema":"1a1c01bbd47fc00a2c39e90264f33305004495a9","hash":"3ab14d32acaff5bba72d7e6a60f08c45792d6c69"}
,"/home/nicomanescau/StartUp 6I/Frontend/src/services/api.ts": {"path":"/home/nicomanescau/StartUp 6I/Frontend/src/services/api.ts","statementMap":{"0":{"start":{"line":16,"column":4},"end":{"line":16,"column":19}},"1":{"start":{"line":17,"column":4},"end":{"line":17,"column":27}},"2":{"start":{"line":18,"column":4},"end":{"line":18,"column":33}},"3":{"start":{"line":19,"column":4},"end":{"line":19,"column":31}},"4":{"start":{"line":23,"column":26},"end":{"line":28,"column":1}},"5":{"start":{"line":30,"column":14},"end":{"line":30,"column":79}},"6":{"start":{"line":30,"column":30},"end":{"line":30,"column":79}},"7":{"start":{"line":30,"column":55},"end":{"line":30,"column":78}},"8":{"start":{"line":38,"column":14},"end":{"line":38,"column":90}},"9":{"start":{"line":40,"column":21},"end":{"line":40,"column":42}},"10":{"start":{"line":41,"column":20},"end":{"line":41,"column":84}},"11":{"start":{"line":41,"column":37},"end":{"line":41,"column":55}},"12":{"start":{"line":43,"column":18},"end":{"line":47,"column":3}},"13":{"start":{"line":49,"column":2},"end":{"line":98,"column":3}},"14":{"start":{"line":50,"column":21},"end":{"line":54,"column":6}},"15":{"start":{"line":56,"column":4},"end":{"line":56,"column":28}},"16":{"start":{"line":58,"column":24},"end":{"line":58,"column":60}},"17":{"start":{"line":59,"column":19},"end":{"line":59,"column":74}},"18":{"start":{"line":60,"column":35},"end":{"line":60,"column":70}},"19":{"start":{"line":62,"column":4},"end":{"line":73,"column":5}},"20":{"start":{"line":63,"column":27},"end":{"line":63,"column":88}},"21":{"start":{"line":64,"column":24},"end":{"line":64,"column":52}},"22":{"start":{"line":67,"column":6},"end":{"line":70,"column":7}},"23":{"start":{"line":68,"column":8},"end":{"line":68,"column":32}},"24":{"start":{"line":69,"column":8},"end":{"line":69,"column":76}},"25":{"start":{"line":72,"column":6},"end":{"line":72,"column":67}},"26":{"start":{"line":75,"column":4},"end":{"line":75,"column":21}},"27":{"start":{"line":77,"column":4},"end":{"line":77,"column":28}},"28":{"start":{"line":79,"column":4},"end":{"line":81,"column":5}},"29":{"start":{"line":80,"column":6},"end":{"line":80,"column":18}},"30":{"start":{"line":84,"column":4},"end":{"line":87,"column":5}},"31":{"start":{"line":85,"column":6},"end":{"line":85,"column":30}},"32":{"start":{"line":86,"column":6},"end":{"line":86,"column":74}},"33":{"start":{"line":89,"column":4},"end":{"line":91,"column":5}},"34":{"start":{"line":90,"column":6},"end":{"line":90,"column":101}},"35":{"start":{"line":93,"column":4},"end":{"line":97,"column":6}}},"fnMap":{"0":{"name":"(anonymous_0)","decl":{"start":{"line":15,"column":2},"end":{"line":15,"column":3}},"loc":{"start":{"line":15,"column":71},"end":{"line":20,"column":3}},"line":15},"1":{"name":"(anonymous_1)","decl":{"start":{"line":30,"column":14},"end":{"line":30,"column":15}},"loc":{"start":{"line":30,"column":30},"end":{"line":30,"column":79}},"line":30},"2":{"name":"(anonymous_2)","decl":{"start":{"line":30,"column":42},"end":{"line":30,"column":43}},"loc":{"start":{"line":30,"column":55},"end":{"line":30,"column":78}},"line":30},"3":{"name":"apiClient","decl":{"start":{"line":32,"column":22},"end":{"line":32,"column":31}},"loc":{"start":{"line":37,"column":14},"end":{"line":99,"column":1}},"line":37},"4":{"name":"(anonymous_4)","decl":{"start":{"line":41,"column":31},"end":{"line":41,"column":32}},"loc":{"start":{"line":41,"column":37},"end":{"line":41,"column":55}},"line":41}},"branchMap":{"0":{"loc":{"start":{"line":34,"column":2},"end":{"line":34,"column":27}},"type":"default-arg","locations":[{"start":{"line":34,"column":25},"end":{"line":34,"column":27}}],"line":34},"1":{"loc":{"start":{"line":35,"column":2},"end":{"line":35,"column":34}},"type":"default-arg","locations":[{"start":{"line":35,"column":12},"end":{"line":35,"column":34}}],"line":35},"2":{"loc":{"start":{"line":36,"column":2},"end":{"line":36,"column":45}},"type":"default-arg","locations":[{"start":{"line":36,"column":15},"end":{"line":36,"column":45}}],"line":36},"3":{"loc":{"start":{"line":38,"column":14},"end":{"line":38,"column":90}},"type":"cond-expr","locations":[{"start":{"line":38,"column":44},"end":{"line":38,"column":52}},{"start":{"line":38,"column":55},"end":{"line":38,"column":90}}],"line":38},"4":{"loc":{"start":{"line":46,"column":8},"end":{"line":46,"column":29}},"type":"binary-expr","locations":[{"start":{"line":46,"column":8},"end":{"line":46,"column":23}},{"start":{"line":46,"column":27},"end":{"line":46,"column":29}}],"line":46},"5":{"loc":{"start":{"line":59,"column":19},"end":{"line":59,"column":74}},"type":"binary-expr","locations":[{"start":{"line":59,"column":19},"end":{"line":59,"column":30}},{"start":{"line":59,"column":34},"end":{"line":59,"column":74}}],"line":59},"6":{"loc":{"start":{"line":60,"column":35},"end":{"line":60,"column":70}},"type":"cond-expr","locations":[{"start":{"line":60,"column":44},"end":{"line":60,"column":65}},{"start":{"line":60,"column":68},"end":{"line":60,"column":70}}],"line":60},"7":{"loc":{"start":{"line":62,"column":4},"end":{"line":73,"column":5}},"type":"if","locations":[{"start":{"line":62,"column":4},"end":{"line":73,"column":5}},{"start":{},"end":{}}],"line":62},"8":{"loc":{"start":{"line":63,"column":27},"end":{"line":63,"column":88}},"type":"binary-expr","locations":[{"start":{"line":63,"column":27},"end":{"line":63,"column":39}},{"start":{"line":63,"column":43},"end":{"line":63,"column":53}},{"start":{"line":63,"column":57},"end":{"line":63,"column":88}}],"line":63},"9":{"loc":{"start":{"line":64,"column":24},"end":{"line":64,"column":52}},"type":"binary-expr","locations":[{"start":{"line":64,"column":24},"end":{"line":64,"column":34}},{"start":{"line":64,"column":38},"end":{"line":64,"column":52}}],"line":64},"10":{"loc":{"start":{"line":67,"column":6},"end":{"line":70,"column":7}},"type":"if","locations":[{"start":{"line":67,"column":6},"end":{"line":70,"column":7}},{"start":{},"end":{}}],"line":67},"11":{"loc":{"start":{"line":67,"column":10},"end":{"line":67,"column":47}},"type":"binary-expr","locations":[{"start":{"line":67,"column":10},"end":{"line":67,"column":32}},{"start":{"line":67,"column":36},"end":{"line":67,"column":47}}],"line":67},"12":{"loc":{"start":{"line":79,"column":4},"end":{"line":81,"column":5}},"type":"if","locations":[{"start":{"line":79,"column":4},"end":{"line":81,"column":5}},{"start":{},"end":{}}],"line":79},"13":{"loc":{"start":{"line":84,"column":4},"end":{"line":87,"column":5}},"type":"if","locations":[{"start":{"line":84,"column":4},"end":{"line":87,"column":5}},{"start":{},"end":{}}],"line":84},"14":{"loc":{"start":{"line":84,"column":8},"end":{"line":84,"column":50}},"type":"binary-expr","locations":[{"start":{"line":84,"column":8},"end":{"line":84,"column":19}},{"start":{"line":84,"column":23},"end":{"line":84,"column":50}}],"line":84},"15":{"loc":{"start":{"line":89,"column":4},"end":{"line":91,"column":5}},"type":"if","locations":[{"start":{"line":89,"column":4},"end":{"line":91,"column":5}},{"start":{},"end":{}}],"line":89},"16":{"loc":{"start":{"line":94,"column":6},"end":{"line":94,"column":74}},"type":"binary-expr","locations":[{"start":{"line":94,"column":6},"end":{"line":94,"column":19}},{"start":{"line":94,"column":23},"end":{"line":94,"column":74}}],"line":94}},"s":{"0":2,"1":2,"2":2,"3":2,"4":4,"5":4,"6":0,"7":0,"8":2,"9":2,"10":2,"11":0,"12":2,"13":2,"14":2,"15":2,"16":2,"17":2,"18":2,"19":2,"20":1,"21":1,"22":1,"23":0,"24":0,"25":1,"26":1,"27":1,"28":1,"29":1,"30":0,"31":0,"32":0,"33":0,"34":0,"35":0},"f":{"0":2,"1":0,"2":0,"3":2,"4":0},"b":{"0":[2],"1":[2],"2":[2],"3":[0,2],"4":[2,2],"5":[2,2],"6":[2,0],"7":[1,1],"8":[1,0,0],"9":[1,0],"10":[0,1],"11":[1,0],"12":[1,0],"13":[0,0],"14":[0,0],"15":[0,0],"16":[0,0]},"_coverageSchema":"1a1c01bbd47fc00a2c39e90264f33305004495a9","hash":"507e8cde898952223aa878e402f788d887351e54"}
,"/home/nicomanescau/StartUp 6I/Frontend/src/services/authService.ts": {"path":"/home/nicomanescau/StartUp 6I/Frontend/src/services/authService.ts","statementMap":{"0":{"start":{"line":4,"column":27},"end":{"line":15,"column":1}},"1":{"start":{"line":10,"column":4},"end":{"line":13,"column":7}}},"fnMap":{"0":{"name":"(anonymous_0)","decl":{"start":{"line":9,"column":2},"end":{"line":9,"column":3}},"loc":{"start":{"line":9,"column":76},"end":{"line":14,"column":3}},"line":9}},"branchMap":{},"s":{"0":1,"1":1},"f":{"0":1},"b":{},"_coverageSchema":"1a1c01bbd47fc00a2c39e90264f33305004495a9","hash":"3f7ff7bff6eaf0f7350280f6d4b3971732664ba0"}
,"/home/nicomanescau/StartUp 6I/Frontend/src/theme/tokens.ts": {"path":"/home/nicomanescau/StartUp 6I/Frontend/src/theme/tokens.ts","statementMap":{"0":{"start":{"line":6,"column":22},"end":{"line":35,"column":10}},"1":{"start":{"line":37,"column":23},"end":{"line":44,"column":10}},"2":{"start":{"line":46,"column":28},"end":{"line":51,"column":10}},"3":{"start":{"line":53,"column":26},"end":{"line":73,"column":10}},"4":{"start":{"line":75,"column":23},"end":{"line":90,"column":10}}},"fnMap":{},"branchMap":{},"s":{"0":4,"1":4,"2":4,"3":4,"4":4},"f":{},"b":{},"_coverageSchema":"1a1c01bbd47fc00a2c39e90264f33305004495a9","hash":"979b75de156544a5135463baf9406b92c6f35434"}
}
