TN:
SF:src/components/onboarding/OnboardingFooter.tsx
FN:8,(anonymous_0)
FNF:1
FNH:1
FNDA:2,(anonymous_0)
DA:8,1
DA:15,2
DA:16,2
DA:18,2
DA:19,0
DA:40,2
DA:75,1
LF:7
LH:6
BRDA:18,0,0,0
BRDA:18,0,1,2
BRDA:45,1,0,0
BRDA:45,1,1,2
BRF:4
BRH:2
end_of_record
TN:
SF:src/components/onboarding/OnboardingHeader.tsx
FN:7,(anonymous_0)
FNF:1
FNH:1
FNDA:2,(anonymous_0)
DA:7,1
DA:8,2
DA:29,1
LF:3
LH:3
BRDA:10,0,0,2
BRDA:10,0,1,0
BRF:2
BRH:1
end_of_record
TN:
SF:src/components/onboarding/OnboardingSlide.tsx
FN:6,(anonymous_0)
FN:8,(anonymous_1)
FNF:2
FNH:2
FNDA:8,(anonymous_0)
FNDA:8,(anonymous_1)
DA:6,1
DA:8,8
DA:9,8
DA:11,2
DA:25,2
DA:44,2
DA:64,2
DA:82,8
DA:101,1
LF:9
LH:9
BRDA:9,0,0,2
BRDA:9,0,1,2
BRDA:9,0,2,2
BRDA:9,0,3,2
BRDA:9,0,4,2
BRF:5
BRH:5
end_of_record
TN:
SF:src/components/onboarding/PaginationDots.tsx
FN:6,(anonymous_0)
FN:9,(anonymous_1)
FNF:2
FNH:2
FNDA:2,(anonymous_0)
FNDA:8,(anonymous_1)
DA:6,1
DA:7,2
DA:10,8
DA:11,8
DA:28,1
LF:5
LH:5
BRDA:19,0,0,2
BRDA:19,0,1,6
BRF:2
BRH:2
end_of_record
TN:
SF:src/components/register/PasswordRequirements.tsx
FN:10,(anonymous_0)
FN:22,(anonymous_1)
FNF:2
FNH:2
FNDA:16,(anonymous_0)
FNDA:80,(anonymous_1)
DA:10,1
DA:11,16
DA:19,16
DA:23,80
DA:36,1
LF:5
LH:5
BRDA:24,0,0,25
BRDA:24,0,1,55
BRDA:25,1,0,25
BRDA:25,1,1,55
BRDA:27,2,0,25
BRDA:27,2,1,55
BRF:6
BRH:6
end_of_record
TN:
SF:src/components/register/RegisterFormInput.tsx
FN:27,(anonymous_0)
FNF:1
FNH:1
FNDA:96,(anonymous_0)
DA:27,1
DA:41,96
DA:43,96
DA:78,1
LF:4
LH:4
BRDA:36,0,0,64
BRDA:37,1,0,48
BRDA:39,2,0,96
BRDA:46,3,0,96
BRDA:46,3,1,0
BRDA:61,4,0,96
BRDA:61,4,1,32
BRDA:65,5,0,32
BRDA:65,5,1,0
BRDA:69,6,0,32
BRDA:69,6,1,0
BRDA:73,7,0,96
BRDA:73,7,1,0
BRF:13
BRH:9
end_of_record
TN:
SF:src/components/register/RegisterTermsRow.tsx
FN:13,(anonymous_0)
FNF:1
FNH:1
FNDA:16,(anonymous_0)
DA:13,1
DA:20,16
DA:42,1
LF:3
LH:3
BRDA:24,0,0,16
BRDA:24,0,1,4
BRDA:30,1,0,16
BRDA:30,1,1,4
BRDA:37,2,0,16
BRDA:37,2,1,3
BRDA:37,2,2,0
BRF:7
BRH:6
end_of_record
TN:
SF:src/components/register/TermsModal.tsx
FN:18,(anonymous_0)
FN:58,(anonymous_1)
FNF:2
FNH:2
FNDA:16,(anonymous_0)
FNDA:1,(anonymous_1)
DA:18,1
DA:19,16
DA:59,1
DA:60,1
DA:73,1
LF:5
LH:5
BRF:0
BRH:0
end_of_record
TN:
SF:src/hooks/useOnboarding.ts
FN:6,(anonymous_0)
FN:13,(anonymous_1)
FN:15,(anonymous_2)
FN:33,(anonymous_3)
FN:42,(anonymous_4)
FN:50,(anonymous_5)
FN:52,(anonymous_6)
FN:56,(anonymous_7)
FN:58,(anonymous_8)
FN:62,(anonymous_9)
FN:70,(anonymous_10)
FN:79,(anonymous_11)
FNF:12
FNH:9
FNDA:13,(anonymous_0)
FNDA:6,(anonymous_1)
FNDA:6,(anonymous_2)
FNDA:6,(anonymous_3)
FNDA:3,(anonymous_4)
FNDA:1,(anonymous_5)
FNDA:1,(anonymous_6)
FNDA:0,(anonymous_7)
FNDA:0,(anonymous_8)
FNDA:2,(anonymous_9)
FNDA:1,(anonymous_10)
FNDA:0,(anonymous_11)
DA:6,2
DA:9,13
DA:10,13
DA:13,13
DA:14,6
DA:15,6
DA:16,6
DA:17,6
DA:18,6
DA:19,0
DA:20,0
DA:24,0
DA:26,6
DA:27,6
DA:32,6
DA:33,6
DA:34,6
DA:38,13
DA:39,13
DA:40,13
DA:42,13
DA:43,3
DA:44,3
DA:46,0
DA:50,13
DA:51,1
DA:52,1
DA:56,13
DA:57,0
DA:58,0
DA:62,13
DA:63,2
DA:64,2
DA:65,2
DA:69,13
DA:71,1
DA:72,1
DA:73,1
DA:79,13
DA:80,0
DA:81,0
DA:85,13
LF:42
LH:34
BRDA:18,0,0,0
BRDA:18,0,1,6
BRDA:18,1,0,6
BRDA:18,1,1,6
BRDA:19,2,0,0
BRDA:19,2,1,0
BRDA:26,3,0,6
BRDA:26,3,1,0
BRDA:51,4,0,1
BRDA:51,4,1,0
BRDA:57,5,0,0
BRDA:57,5,1,0
BRDA:64,6,0,2
BRDA:64,6,1,0
BRDA:70,7,0,0
BRDA:72,8,0,1
BRDA:72,8,1,0
BRDA:80,9,0,0
BRDA:80,9,1,0
BRDA:80,10,0,0
BRDA:80,10,1,0
BRF:21
BRH:7
end_of_record
TN:
SF:src/hooks/useRegisterForm.ts
FN:14,(anonymous_0)
FN:44,(anonymous_1)
FN:55,(anonymous_2)
FN:103,(anonymous_3)
FN:107,(anonymous_4)
FN:108,(anonymous_5)
FN:112,(anonymous_6)
FN:113,(anonymous_7)
FN:116,(anonymous_8)
FN:117,(anonymous_9)
FN:120,(anonymous_10)
FN:121,(anonymous_11)
FN:124,(anonymous_12)
FN:126,(anonymous_13)
FN:129,(anonymous_14)
FNF:15
FNH:13
FNDA:37,(anonymous_0)
FNDA:19,(anonymous_1)
FNDA:30,(anonymous_2)
FNDA:30,(anonymous_3)
FNDA:30,(anonymous_4)
FNDA:30,(anonymous_5)
FNDA:0,(anonymous_6)
FNDA:0,(anonymous_7)
FNDA:1,(anonymous_8)
FNDA:1,(anonymous_9)
FNDA:1,(anonymous_10)
FNDA:1,(anonymous_11)
FNDA:2,(anonymous_12)
FNDA:2,(anonymous_13)
FNDA:3,(anonymous_14)
DA:11,2
DA:12,2
DA:14,2
DA:18,37
DA:28,37
DA:38,37
DA:39,37
DA:40,37
DA:41,37
DA:42,37
DA:44,37
DA:45,19
DA:46,19
DA:55,37
DA:56,30
DA:58,30
DA:59,21
DA:60,9
DA:61,0
DA:64,30
DA:65,22
DA:66,8
DA:67,0
DA:70,30
DA:71,21
DA:72,9
DA:73,1
DA:76,30
DA:77,30
DA:78,24
DA:79,6
DA:80,0
DA:83,30
DA:84,30
DA:85,21
DA:86,9
DA:87,1
DA:90,30
DA:91,24
DA:92,6
DA:93,1
DA:96,30
DA:97,25
DA:100,30
DA:103,37
DA:104,30
DA:107,37
DA:108,30
DA:109,30
DA:112,37
DA:113,0
DA:116,37
DA:117,1
DA:120,37
DA:121,1
DA:124,37
DA:125,2
DA:126,2
DA:129,37
DA:131,3
DA:141,3
DA:142,0
DA:145,3
DA:146,3
DA:148,3
DA:149,3
DA:157,2
DA:159,1
DA:160,1
DA:161,1
DA:163,0
DA:166,0
DA:169,3
DA:173,37
LF:74
LH:67
BRDA:58,0,0,21
BRDA:58,0,1,9
BRDA:60,1,0,0
BRDA:60,1,1,9
BRDA:64,2,0,22
BRDA:64,2,1,8
BRDA:66,3,0,0
BRDA:66,3,1,8
BRDA:70,4,0,21
BRDA:70,4,1,9
BRDA:72,5,0,1
BRDA:72,5,1,8
BRDA:77,6,0,24
BRDA:77,6,1,6
BRDA:79,7,0,0
BRDA:79,7,1,6
BRDA:84,8,0,21
BRDA:84,8,1,9
BRDA:86,9,0,1
BRDA:86,9,1,8
BRDA:90,10,0,24
BRDA:90,10,1,6
BRDA:92,11,0,1
BRDA:92,11,1,5
BRDA:96,12,0,25
BRDA:96,12,1,5
BRDA:141,13,0,0
BRDA:141,13,1,3
BRDA:159,14,0,1
BRDA:159,14,1,0
BRDA:160,15,0,1
BRDA:160,15,1,0
BRDA:163,16,0,0
BRDA:163,16,1,0
BRF:34
BRH:26
end_of_record
TN:
SF:src/i18n/onboardingContent.ts
FNF:0
FNH:0
DA:4,2
DA:6,2
DA:53,2
LF:3
LH:3
BRF:0
BRH:0
end_of_record
TN:
SF:src/screens/AuthWelcomeScreen.tsx
FN:8,(anonymous_0)
FNF:1
FNH:1
FNDA:2,(anonymous_0)
DA:8,1
DA:13,2
DA:61,1
LF:3
LH:3
BRF:0
BRH:0
end_of_record
TN:
SF:src/screens/OnboardingScreen.tsx
FN:21,(anonymous_0)
FN:38,(anonymous_1)
FN:47,(anonymous_2)
FN:72,(anonymous_3)
FN:77,(anonymous_4)
FN:82,(anonymous_5)
FN:93,(anonymous_6)
FNF:7
FNH:5
FNDA:4,(anonymous_0)
FNDA:4,(anonymous_1)
FNDA:0,(anonymous_2)
FNDA:14,(anonymous_3)
FNDA:4,(anonymous_4)
FNDA:8,(anonymous_5)
FNDA:0,(anonymous_6)
DA:21,1
DA:22,4
DA:23,4
DA:35,4
DA:38,4
DA:39,4
DA:40,2
DA:47,4
DA:48,0
DA:49,0
DA:50,0
DA:53,4
DA:54,2
DA:61,2
DA:72,14
DA:77,4
DA:83,8
DA:93,0
DA:99,1
LF:19
LH:15
BRDA:39,0,0,2
BRDA:39,0,1,2
BRDA:39,1,0,4
BRDA:39,1,1,2
BRDA:53,2,0,2
BRDA:53,2,1,2
BRF:6
BRH:6
end_of_record
TN:
SF:src/screens/RegisterScreen.tsx
FN:22,(anonymous_0)
FN:80,(anonymous_1)
FN:81,(anonymous_2)
FN:91,(anonymous_3)
FN:92,(anonymous_4)
FN:102,(anonymous_5)
FN:103,(anonymous_6)
FN:114,(anonymous_7)
FN:115,(anonymous_8)
FN:125,(anonymous_9)
FN:126,(anonymous_10)
FN:139,(anonymous_11)
FN:140,(anonymous_12)
FN:150,(anonymous_13)
FN:151,(anonymous_14)
FN:180,(anonymous_15)
FNF:16
FNH:10
FNDA:16,(anonymous_0)
FNDA:1,(anonymous_1)
FNDA:0,(anonymous_2)
FNDA:1,(anonymous_3)
FNDA:0,(anonymous_4)
FNDA:1,(anonymous_5)
FNDA:0,(anonymous_6)
FNDA:1,(anonymous_7)
FNDA:0,(anonymous_8)
FNDA:1,(anonymous_9)
FNDA:0,(anonymous_10)
FNDA:1,(anonymous_11)
FNDA:0,(anonymous_12)
FNDA:1,(anonymous_13)
FNDA:1,(anonymous_14)
FNDA:1,(anonymous_15)
DA:22,1
DA:45,16
DA:47,16
DA:80,1
DA:81,0
DA:91,1
DA:92,0
DA:102,1
DA:103,0
DA:114,1
DA:115,0
DA:125,1
DA:126,0
DA:139,1
DA:140,0
DA:150,1
DA:151,1
DA:180,1
DA:187,1
LF:19
LH:13
BRDA:51,0,0,16
BRDA:51,0,1,0
BRDA:71,1,0,16
BRDA:71,1,1,0
BRDA:82,2,0,2
BRDA:82,2,1,14
BRDA:93,3,0,2
BRDA:93,3,1,14
BRDA:104,4,0,2
BRDA:104,4,1,14
BRDA:116,5,0,2
BRDA:116,5,1,14
BRDA:127,6,0,2
BRDA:127,6,1,14
BRDA:141,7,0,2
BRDA:141,7,1,14
BRDA:157,8,0,16
BRDA:157,8,1,3
BRDA:157,8,2,14
BRDA:159,9,0,16
BRDA:159,9,1,3
BRDA:162,10,0,1
BRDA:162,10,1,15
BRF:23
BRH:21
end_of_record
TN:
SF:src/services/api.ts
FN:15,(anonymous_0)
FN:30,(anonymous_1)
FN:30,(anonymous_2)
FN:32,apiClient
FN:41,(anonymous_4)
FNF:5
FNH:2
FNDA:2,(anonymous_0)
FNDA:0,(anonymous_1)
FNDA:0,(anonymous_2)
FNDA:2,apiClient
FNDA:0,(anonymous_4)
DA:16,2
DA:17,2
DA:18,2
DA:19,2
DA:23,4
DA:30,4
DA:38,2
DA:40,2
DA:41,2
DA:43,2
DA:49,2
DA:50,2
DA:56,2
DA:58,2
DA:59,2
DA:60,2
DA:62,2
DA:63,1
DA:64,1
DA:67,1
DA:68,0
DA:69,0
DA:72,1
DA:75,1
DA:77,1
DA:79,1
DA:80,1
DA:84,0
DA:85,0
DA:86,0
DA:89,0
DA:90,0
DA:93,0
LF:33
LH:25
BRDA:34,0,0,2
BRDA:35,1,0,2
BRDA:36,2,0,2
BRDA:38,3,0,0
BRDA:38,3,1,2
BRDA:46,4,0,2
BRDA:46,4,1,2
BRDA:59,5,0,2
BRDA:59,5,1,2
BRDA:60,6,0,2
BRDA:60,6,1,0
BRDA:62,7,0,1
BRDA:62,7,1,1
BRDA:63,8,0,1
BRDA:63,8,1,0
BRDA:63,8,2,0
BRDA:64,9,0,1
BRDA:64,9,1,0
BRDA:67,10,0,0
BRDA:67,10,1,1
BRDA:67,11,0,1
BRDA:67,11,1,0
BRDA:79,12,0,1
BRDA:79,12,1,0
BRDA:84,13,0,0
BRDA:84,13,1,0
BRDA:84,14,0,0
BRDA:84,14,1,0
BRDA:89,15,0,0
BRDA:89,15,1,0
BRDA:94,16,0,0
BRDA:94,16,1,0
BRF:32
BRH:16
end_of_record
TN:
SF:src/services/authService.ts
FN:9,(anonymous_0)
FNF:1
FNH:1
FNDA:1,(anonymous_0)
DA:4,1
DA:10,1
LF:2
LH:2
BRF:0
BRH:0
end_of_record
TN:
SF:src/theme/tokens.ts
FNF:0
FNH:0
DA:6,4
DA:37,4
DA:46,4
DA:53,4
DA:75,4
LF:5
LH:5
BRF:0
BRH:0
end_of_record
